Warning[207] C:\USERS\ANGELORELLANA\ONEDRIVE\ESCRITORIO\UVG\4TOSEMESTRE\PROGRADEMICROS\PROGRAMAS_ENSAMBLADOR\PROYECTO1.X\MAIN.ASM 28 : Found label after column 1. (VALOR_TMR1H)
Warning[207] C:\USERS\ANGELORELLANA\ONEDRIVE\ESCRITORIO\UVG\4TOSEMESTRE\PROGRADEMICROS\PROGRAMAS_ENSAMBLADOR\PROYECTO1.X\MAIN.ASM 29 : Found label after column 1. (VALOR_TMR0)
Warning[207] C:\USERS\ANGELORELLANA\ONEDRIVE\ESCRITORIO\UVG\4TOSEMESTRE\PROGRADEMICROS\PROGRAMAS_ENSAMBLADOR\PROYECTO1.X\MAIN.ASM 31 : Found label after column 1. (VALOR_TITILAR_7S)
Warning[207] C:\USERS\ANGELORELLANA\ONEDRIVE\ESCRITORIO\UVG\4TOSEMESTRE\PROGRADEMICROS\PROGRAMAS_ENSAMBLADOR\PROYECTO1.X\MAIN.ASM 32 : Found label after column 1. (VALOR_BUZZER)
Warning[207] C:\USERS\ANGELORELLANA\ONEDRIVE\ESCRITORIO\UVG\4TOSEMESTRE\PROGRADEMICROS\PROGRAMAS_ENSAMBLADOR\PROYECTO1.X\MAIN.ASM 33 : Found label after column 1. (VALOR_TMR2)
Warning[207] C:\USERS\ANGELORELLANA\ONEDRIVE\ESCRITORIO\UVG\4TOSEMESTRE\PROGRADEMICROS\PROGRAMAS_ENSAMBLADOR\PROYECTO1.X\MAIN.ASM 34 : Found label after column 1. (VALOR_CONTADOR_TMR2)
Warning[207] C:\USERS\ANGELORELLANA\ONEDRIVE\ESCRITORIO\UVG\4TOSEMESTRE\PROGRADEMICROS\PROGRAMAS_ENSAMBLADOR\PROYECTO1.X\MAIN.ASM 36 : Found label after column 1. (VALOR_SEGUNDOS_ALARMA)
Warning[207] C:\USERS\ANGELORELLANA\ONEDRIVE\ESCRITORIO\UVG\4TOSEMESTRE\PROGRADEMICROS\PROGRAMAS_ENSAMBLADOR\PROYECTO1.X\MAIN.ASM 45 : Found label after column 1. (MES_BCD)
Warning[207] C:\USERS\ANGELORELLANA\ONEDRIVE\ESCRITORIO\UVG\4TOSEMESTRE\PROGRADEMICROS\PROGRAMAS_ENSAMBLADOR\PROYECTO1.X\MAIN.ASM 46 : Found label after column 1. (MES_BIN)
Warning[207] C:\USERS\ANGELORELLANA\ONEDRIVE\ESCRITORIO\UVG\4TOSEMESTRE\PROGRADEMICROS\PROGRAMAS_ENSAMBLADOR\PROYECTO1.X\MAIN.ASM 49 : Found label after column 1. (WRAM)
Warning[207] C:\USERS\ANGELORELLANA\ONEDRIVE\ESCRITORIO\UVG\4TOSEMESTRE\PROGRADEMICROS\PROGRAMAS_ENSAMBLADOR\PROYECTO1.X\MAIN.ASM 50 : Found label after column 1. (STATUSRAM)
Warning[207] C:\USERS\ANGELORELLANA\ONEDRIVE\ESCRITORIO\UVG\4TOSEMESTRE\PROGRADEMICROS\PROGRAMAS_ENSAMBLADOR\PROYECTO1.X\MAIN.ASM 52 : Found label after column 1. (PORTB_ANTERIOR)
Warning[207] C:\USERS\ANGELORELLANA\ONEDRIVE\ESCRITORIO\UVG\4TOSEMESTRE\PROGRADEMICROS\PROGRAMAS_ENSAMBLADOR\PROYECTO1.X\MAIN.ASM 53 : Found label after column 1. (FLAGS)
Warning[207] C:\USERS\ANGELORELLANA\ONEDRIVE\ESCRITORIO\UVG\4TOSEMESTRE\PROGRADEMICROS\PROGRAMAS_ENSAMBLADOR\PROYECTO1.X\MAIN.ASM 61 : Found label after column 1. (OPCION)
Warning[207] C:\USERS\ANGELORELLANA\ONEDRIVE\ESCRITORIO\UVG\4TOSEMESTRE\PROGRADEMICROS\PROGRAMAS_ENSAMBLADOR\PROYECTO1.X\MAIN.ASM 62 : Found label after column 1. (DELAY)
Warning[207] C:\USERS\ANGELORELLANA\ONEDRIVE\ESCRITORIO\UVG\4TOSEMESTRE\PROGRADEMICROS\PROGRAMAS_ENSAMBLADOR\PROYECTO1.X\MAIN.ASM 64 : Found label after column 1. (HORA_EDITAR)
Warning[207] C:\USERS\ANGELORELLANA\ONEDRIVE\ESCRITORIO\UVG\4TOSEMESTRE\PROGRADEMICROS\PROGRAMAS_ENSAMBLADOR\PROYECTO1.X\MAIN.ASM 65 : Found label after column 1. (MES_BCD_EDITAR)
Warning[207] C:\USERS\ANGELORELLANA\ONEDRIVE\ESCRITORIO\UVG\4TOSEMESTRE\PROGRADEMICROS\PROGRAMAS_ENSAMBLADOR\PROYECTO1.X\MAIN.ASM 66 : Found label after column 1. (MES_BIN_EDITAR)
Warning[207] C:\USERS\ANGELORELLANA\ONEDRIVE\ESCRITORIO\UVG\4TOSEMESTRE\PROGRADEMICROS\PROGRAMAS_ENSAMBLADOR\PROYECTO1.X\MAIN.ASM 67 : Found label after column 1. (DIA_EDITAR)
Warning[207] C:\USERS\ANGELORELLANA\ONEDRIVE\ESCRITORIO\UVG\4TOSEMESTRE\PROGRADEMICROS\PROGRAMAS_ENSAMBLADOR\PROYECTO1.X\MAIN.ASM 68 : Found label after column 1. (SAVE_TEMP)
Warning[207] C:\USERS\ANGELORELLANA\ONEDRIVE\ESCRITORIO\UVG\4TOSEMESTRE\PROGRADEMICROS\PROGRAMAS_ENSAMBLADOR\PROYECTO1.X\MAIN.ASM 69 : Found label after column 1. (CONTADOR_TMR1)
Warning[207] C:\USERS\ANGELORELLANA\ONEDRIVE\ESCRITORIO\UVG\4TOSEMESTRE\PROGRADEMICROS\PROGRAMAS_ENSAMBLADOR\PROYECTO1.X\MAIN.ASM 70 : Found label after column 1. (TITILAR_DISPLAYS)
Warning[207] C:\USERS\ANGELORELLANA\ONEDRIVE\ESCRITORIO\UVG\4TOSEMESTRE\PROGRADEMICROS\PROGRAMAS_ENSAMBLADOR\PROYECTO1.X\MAIN.ASM 71 : Found label after column 1. (CONTADOR_BUZZER)
Warning[207] C:\USERS\ANGELORELLANA\ONEDRIVE\ESCRITORIO\UVG\4TOSEMESTRE\PROGRADEMICROS\PROGRAMAS_ENSAMBLADOR\PROYECTO1.X\MAIN.ASM 72 : Found label after column 1. (DIA_MAX)
Warning[207] C:\USERS\ANGELORELLANA\ONEDRIVE\ESCRITORIO\UVG\4TOSEMESTRE\PROGRADEMICROS\PROGRAMAS_ENSAMBLADOR\PROYECTO1.X\MAIN.ASM 73 : Found label after column 1. (SEGUNDOS_TEMPORIZADOR)
Warning[207] C:\USERS\ANGELORELLANA\ONEDRIVE\ESCRITORIO\UVG\4TOSEMESTRE\PROGRADEMICROS\PROGRAMAS_ENSAMBLADOR\PROYECTO1.X\MAIN.ASM 74 : Found label after column 1. (MINUTOS_TEMPORIZADOR)
Warning[207] C:\USERS\ANGELORELLANA\ONEDRIVE\ESCRITORIO\UVG\4TOSEMESTRE\PROGRADEMICROS\PROGRAMAS_ENSAMBLADOR\PROYECTO1.X\MAIN.ASM 75 : Found label after column 1. (SEGUNDOS_TEMPORIZADOR_EDITAR)
Warning[207] C:\USERS\ANGELORELLANA\ONEDRIVE\ESCRITORIO\UVG\4TOSEMESTRE\PROGRADEMICROS\PROGRAMAS_ENSAMBLADOR\PROYECTO1.X\MAIN.ASM 76 : Found label after column 1. (MINUTOS_TEMPORIZADOR_EDITAR)
Warning[207] C:\USERS\ANGELORELLANA\ONEDRIVE\ESCRITORIO\UVG\4TOSEMESTRE\PROGRADEMICROS\PROGRAMAS_ENSAMBLADOR\PROYECTO1.X\MAIN.ASM 77 : Found label after column 1. (CONTADOR_TMR2)
Warning[207] C:\USERS\ANGELORELLANA\ONEDRIVE\ESCRITORIO\UVG\4TOSEMESTRE\PROGRADEMICROS\PROGRAMAS_ENSAMBLADOR\PROYECTO1.X\MAIN.ASM 78 : Found label after column 1. (CONTADOR_ALARMA)
Warning[207] C:\USERS\ANGELORELLANA\ONEDRIVE\ESCRITORIO\UVG\4TOSEMESTRE\PROGRADEMICROS\PROGRAMAS_ENSAMBLADOR\PROYECTO1.X\MAIN.ASM 79 : Found label after column 1. (SEGUNDOS_ALARMA)
Warning[207] C:\USERS\ANGELORELLANA\ONEDRIVE\ESCRITORIO\UVG\4TOSEMESTRE\PROGRADEMICROS\PROGRAMAS_ENSAMBLADOR\PROYECTO1.X\MAIN.ASM 89 : Found label after column 1. (SAVE)
Warning[207] C:\USERS\ANGELORELLANA\ONEDRIVE\ESCRITORIO\UVG\4TOSEMESTRE\PROGRADEMICROS\PROGRAMAS_ENSAMBLADOR\PROYECTO1.X\MAIN.ASM 93 : Found label after column 1. (SELECCIONAR)
Message[305] C:\USERS\ANGELORELLANA\ONEDRIVE\ESCRITORIO\UVG\4TOSEMESTRE\PROGRADEMICROS\PROGRAMAS_ENSAMBLADOR\PROYECTO1.X\MAIN.ASM 111 : Using default destination of 1 (file).
Warning[207] C:\USERS\ANGELORELLANA\ONEDRIVE\ESCRITORIO\UVG\4TOSEMESTRE\PROGRADEMICROS\PROGRAMAS_ENSAMBLADOR\PROYECTO1.X\MAIN.ASM 123 : Found label after column 1. (SONAR_BUZZER)
Warning[207] C:\USERS\ANGELORELLANA\ONEDRIVE\ESCRITORIO\UVG\4TOSEMESTRE\PROGRADEMICROS\PROGRAMAS_ENSAMBLADOR\PROYECTO1.X\MAIN.ASM 137 : Found label after column 1. (TITILAR_7S)
Warning[207] C:\USERS\ANGELORELLANA\ONEDRIVE\ESCRITORIO\UVG\4TOSEMESTRE\PROGRADEMICROS\PROGRAMAS_ENSAMBLADOR\PROYECTO1.X\MAIN.ASM 153 : Found label after column 1. (PUNTOS_ENMEDIO)
Warning[207] C:\USERS\ANGELORELLANA\ONEDRIVE\ESCRITORIO\UVG\4TOSEMESTRE\PROGRADEMICROS\PROGRAMAS_ENSAMBLADOR\PROYECTO1.X\MAIN.ASM 178 : Found label after column 1. (CONTAR_SEGUNDO)
Message[305] C:\USERS\ANGELORELLANA\ONEDRIVE\ESCRITORIO\UVG\4TOSEMESTRE\PROGRADEMICROS\PROGRAMAS_ENSAMBLADOR\PROYECTO1.X\MAIN.ASM 179 : Using default destination of 1 (file).
Message[305] C:\USERS\ANGELORELLANA\ONEDRIVE\ESCRITORIO\UVG\4TOSEMESTRE\PROGRADEMICROS\PROGRAMAS_ENSAMBLADOR\PROYECTO1.X\MAIN.ASM 196 : Using default destination of 1 (file).
Warning[207] C:\USERS\ANGELORELLANA\ONEDRIVE\ESCRITORIO\UVG\4TOSEMESTRE\PROGRADEMICROS\PROGRAMAS_ENSAMBLADOR\PROYECTO1.X\MAIN.ASM 214 : Found label after column 1. (EDITANDO_HORA)
Warning[207] C:\USERS\ANGELORELLANA\ONEDRIVE\ESCRITORIO\UVG\4TOSEMESTRE\PROGRADEMICROS\PROGRAMAS_ENSAMBLADOR\PROYECTO1.X\MAIN.ASM 222 : Found label after column 1. (EDITANDO_FECHA)
Warning[207] C:\USERS\ANGELORELLANA\ONEDRIVE\ESCRITORIO\UVG\4TOSEMESTRE\PROGRADEMICROS\PROGRAMAS_ENSAMBLADOR\PROYECTO1.X\MAIN.ASM 231 : Found label after column 1. (EDITANDO_TIMER)
Warning[207] C:\USERS\ANGELORELLANA\ONEDRIVE\ESCRITORIO\UVG\4TOSEMESTRE\PROGRADEMICROS\PROGRAMAS_ENSAMBLADOR\PROYECTO1.X\MAIN.ASM 260 : Found label after column 1. (FUNCIONAMIENTO_NORMAL_TEMPORIZADOR)
Warning[208] C:\USERS\ANGELORELLANA\ONEDRIVE\ESCRITORIO\UVG\4TOSEMESTRE\PROGRADEMICROS\PROGRAMAS_ENSAMBLADOR\PROYECTO1.X\MAIN.ASM 260 : Label truncated at 32 characters. (FUNCIONAMIENTO_NORMAL_TEMPORIZADOR)
Warning[207] C:\USERS\ANGELORELLANA\ONEDRIVE\ESCRITORIO\UVG\4TOSEMESTRE\PROGRADEMICROS\PROGRAMAS_ENSAMBLADOR\PROYECTO1.X\MAIN.ASM 273 : Found label after column 1. (DECREMENTAR_MINUTOS_TEMPORIZADOR)
Message[305] C:\USERS\ANGELORELLANA\ONEDRIVE\ESCRITORIO\UVG\4TOSEMESTRE\PROGRADEMICROS\PROGRAMAS_ENSAMBLADOR\PROYECTO1.X\MAIN.ASM 275 : Using default destination of 1 (file).
Warning[207] C:\USERS\ANGELORELLANA\ONEDRIVE\ESCRITORIO\UVG\4TOSEMESTRE\PROGRADEMICROS\PROGRAMAS_ENSAMBLADOR\PROYECTO1.X\MAIN.ASM 288 : Found label after column 1. (TABLA)
Message[302] C:\USERS\ANGELORELLANA\ONEDRIVE\ESCRITORIO\UVG\4TOSEMESTRE\PROGRADEMICROS\PROGRAMAS_ENSAMBLADOR\PROYECTO1.X\MAIN.ASM 332 : Register in operand not in bank 0.  Ensure that bank bits are correct.
Message[302] C:\USERS\ANGELORELLANA\ONEDRIVE\ESCRITORIO\UVG\4TOSEMESTRE\PROGRADEMICROS\PROGRAMAS_ENSAMBLADOR\PROYECTO1.X\MAIN.ASM 333 : Register in operand not in bank 0.  Ensure that bank bits are correct.
Message[302] C:\USERS\ANGELORELLANA\ONEDRIVE\ESCRITORIO\UVG\4TOSEMESTRE\PROGRADEMICROS\PROGRAMAS_ENSAMBLADOR\PROYECTO1.X\MAIN.ASM 340 : Register in operand not in bank 0.  Ensure that bank bits are correct.
Message[302] C:\USERS\ANGELORELLANA\ONEDRIVE\ESCRITORIO\UVG\4TOSEMESTRE\PROGRADEMICROS\PROGRAMAS_ENSAMBLADOR\PROYECTO1.X\MAIN.ASM 341 : Register in operand not in bank 0.  Ensure that bank bits are correct.
Message[302] C:\USERS\ANGELORELLANA\ONEDRIVE\ESCRITORIO\UVG\4TOSEMESTRE\PROGRADEMICROS\PROGRAMAS_ENSAMBLADOR\PROYECTO1.X\MAIN.ASM 342 : Register in operand not in bank 0.  Ensure that bank bits are correct.
Message[302] C:\USERS\ANGELORELLANA\ONEDRIVE\ESCRITORIO\UVG\4TOSEMESTRE\PROGRADEMICROS\PROGRAMAS_ENSAMBLADOR\PROYECTO1.X\MAIN.ASM 343 : Register in operand not in bank 0.  Ensure that bank bits are correct.
Message[302] C:\USERS\ANGELORELLANA\ONEDRIVE\ESCRITORIO\UVG\4TOSEMESTRE\PROGRADEMICROS\PROGRAMAS_ENSAMBLADOR\PROYECTO1.X\MAIN.ASM 344 : Register in operand not in bank 0.  Ensure that bank bits are correct.
Message[302] C:\USERS\ANGELORELLANA\ONEDRIVE\ESCRITORIO\UVG\4TOSEMESTRE\PROGRADEMICROS\PROGRAMAS_ENSAMBLADOR\PROYECTO1.X\MAIN.ASM 347 : Register in operand not in bank 0.  Ensure that bank bits are correct.
Message[302] C:\USERS\ANGELORELLANA\ONEDRIVE\ESCRITORIO\UVG\4TOSEMESTRE\PROGRADEMICROS\PROGRAMAS_ENSAMBLADOR\PROYECTO1.X\MAIN.ASM 349 : Register in operand not in bank 0.  Ensure that bank bits are correct.
Message[302] C:\USERS\ANGELORELLANA\ONEDRIVE\ESCRITORIO\UVG\4TOSEMESTRE\PROGRADEMICROS\PROGRAMAS_ENSAMBLADOR\PROYECTO1.X\MAIN.ASM 352 : Register in operand not in bank 0.  Ensure that bank bits are correct.
Warning[207] C:\USERS\ANGELORELLANA\ONEDRIVE\ESCRITORIO\UVG\4TOSEMESTRE\PROGRADEMICROS\PROGRAMAS_ENSAMBLADOR\PROYECTO1.X\MAIN.ASM 430 : Found label after column 1. (NORMAL)
Message[305] C:\USERS\ANGELORELLANA\ONEDRIVE\ESCRITORIO\UVG\4TOSEMESTRE\PROGRADEMICROS\PROGRAMAS_ENSAMBLADOR\PROYECTO1.X\MAIN.ASM 431 : Using default destination of 1 (file).
Warning[207] C:\USERS\ANGELORELLANA\ONEDRIVE\ESCRITORIO\UVG\4TOSEMESTRE\PROGRADEMICROS\PROGRAMAS_ENSAMBLADOR\PROYECTO1.X\MAIN.ASM 449 : Found label after column 1. (ESTABLECER_OPCION)
Warning[207] C:\USERS\ANGELORELLANA\ONEDRIVE\ESCRITORIO\UVG\4TOSEMESTRE\PROGRADEMICROS\PROGRAMAS_ENSAMBLADOR\PROYECTO1.X\MAIN.ASM 470 : Found label after column 1. (OPCIONES_NORMAL)
Message[305] C:\USERS\ANGELORELLANA\ONEDRIVE\ESCRITORIO\UVG\4TOSEMESTRE\PROGRADEMICROS\PROGRAMAS_ENSAMBLADOR\PROYECTO1.X\MAIN.ASM 473 : Using default destination of 1 (file).
Warning[207] C:\USERS\ANGELORELLANA\ONEDRIVE\ESCRITORIO\UVG\4TOSEMESTRE\PROGRADEMICROS\PROGRAMAS_ENSAMBLADOR\PROYECTO1.X\MAIN.ASM 486 : Found label after column 1. (OPCION_RELOJ)
Warning[207] C:\USERS\ANGELORELLANA\ONEDRIVE\ESCRITORIO\UVG\4TOSEMESTRE\PROGRADEMICROS\PROGRAMAS_ENSAMBLADOR\PROYECTO1.X\MAIN.ASM 493 : Found label after column 1. (NO_EDITAR_HORA)
Warning[207] C:\USERS\ANGELORELLANA\ONEDRIVE\ESCRITORIO\UVG\4TOSEMESTRE\PROGRADEMICROS\PROGRAMAS_ENSAMBLADOR\PROYECTO1.X\MAIN.ASM 501 : Found label after column 1. (SI_EDITAR_HORA)
Warning[207] C:\USERS\ANGELORELLANA\ONEDRIVE\ESCRITORIO\UVG\4TOSEMESTRE\PROGRADEMICROS\PROGRAMAS_ENSAMBLADOR\PROYECTO1.X\MAIN.ASM 512 : Found label after column 1. (OPCION_FECHA)
Warning[207] C:\USERS\ANGELORELLANA\ONEDRIVE\ESCRITORIO\UVG\4TOSEMESTRE\PROGRADEMICROS\PROGRAMAS_ENSAMBLADOR\PROYECTO1.X\MAIN.ASM 517 : Found label after column 1. (NO_EDITAR_FECHA)
Warning[207] C:\USERS\ANGELORELLANA\ONEDRIVE\ESCRITORIO\UVG\4TOSEMESTRE\PROGRADEMICROS\PROGRAMAS_ENSAMBLADOR\PROYECTO1.X\MAIN.ASM 524 : Found label after column 1. (SI_EDITAR_FECHA)
Warning[207] C:\USERS\ANGELORELLANA\ONEDRIVE\ESCRITORIO\UVG\4TOSEMESTRE\PROGRADEMICROS\PROGRAMAS_ENSAMBLADOR\PROYECTO1.X\MAIN.ASM 533 : Found label after column 1. (OPCION_TEMPORIZADOR)
Warning[207] C:\USERS\ANGELORELLANA\ONEDRIVE\ESCRITORIO\UVG\4TOSEMESTRE\PROGRADEMICROS\PROGRAMAS_ENSAMBLADOR\PROYECTO1.X\MAIN.ASM 538 : Found label after column 1. (NO_EDITAR_TEMPORIZADOR)
Warning[207] C:\USERS\ANGELORELLANA\ONEDRIVE\ESCRITORIO\UVG\4TOSEMESTRE\PROGRADEMICROS\PROGRAMAS_ENSAMBLADOR\PROYECTO1.X\MAIN.ASM 552 : Found label after column 1. (SEGUIR_NO_EDITAR)
Warning[207] C:\USERS\ANGELORELLANA\ONEDRIVE\ESCRITORIO\UVG\4TOSEMESTRE\PROGRADEMICROS\PROGRAMAS_ENSAMBLADOR\PROYECTO1.X\MAIN.ASM 559 : Found label after column 1. (SI_EDITAR_TEMPORIZADOR)
Warning[207] C:\USERS\ANGELORELLANA\ONEDRIVE\ESCRITORIO\UVG\4TOSEMESTRE\PROGRADEMICROS\PROGRAMAS_ENSAMBLADOR\PROYECTO1.X\MAIN.ASM 580 : Found label after column 1. (SEGUNDOS_1_TEMP)
Warning[207] C:\USERS\ANGELORELLANA\ONEDRIVE\ESCRITORIO\UVG\4TOSEMESTRE\PROGRADEMICROS\PROGRAMAS_ENSAMBLADOR\PROYECTO1.X\MAIN.ASM 586 : Found label after column 1. (SEGUNDOS_2_TEMP)
Warning[207] C:\USERS\ANGELORELLANA\ONEDRIVE\ESCRITORIO\UVG\4TOSEMESTRE\PROGRADEMICROS\PROGRAMAS_ENSAMBLADOR\PROYECTO1.X\MAIN.ASM 592 : Found label after column 1. (MINUTOS_1_TEMP)
Warning[207] C:\USERS\ANGELORELLANA\ONEDRIVE\ESCRITORIO\UVG\4TOSEMESTRE\PROGRADEMICROS\PROGRAMAS_ENSAMBLADOR\PROYECTO1.X\MAIN.ASM 598 : Found label after column 1. (MINUTOS_2_TEMP)
Warning[207] C:\USERS\ANGELORELLANA\ONEDRIVE\ESCRITORIO\UVG\4TOSEMESTRE\PROGRADEMICROS\PROGRAMAS_ENSAMBLADOR\PROYECTO1.X\MAIN.ASM 616 : Found label after column 1. (MES_1)
Warning[207] C:\USERS\ANGELORELLANA\ONEDRIVE\ESCRITORIO\UVG\4TOSEMESTRE\PROGRADEMICROS\PROGRAMAS_ENSAMBLADOR\PROYECTO1.X\MAIN.ASM 622 : Found label after column 1. (MES_2)
Warning[207] C:\USERS\ANGELORELLANA\ONEDRIVE\ESCRITORIO\UVG\4TOSEMESTRE\PROGRADEMICROS\PROGRAMAS_ENSAMBLADOR\PROYECTO1.X\MAIN.ASM 627 : Found label after column 1. (DIA_1)
Warning[207] C:\USERS\ANGELORELLANA\ONEDRIVE\ESCRITORIO\UVG\4TOSEMESTRE\PROGRADEMICROS\PROGRAMAS_ENSAMBLADOR\PROYECTO1.X\MAIN.ASM 632 : Found label after column 1. (DIA_2)
Warning[207] C:\USERS\ANGELORELLANA\ONEDRIVE\ESCRITORIO\UVG\4TOSEMESTRE\PROGRADEMICROS\PROGRAMAS_ENSAMBLADOR\PROYECTO1.X\MAIN.ASM 650 : Found label after column 1. (MINUTOS_1)
Warning[207] C:\USERS\ANGELORELLANA\ONEDRIVE\ESCRITORIO\UVG\4TOSEMESTRE\PROGRADEMICROS\PROGRAMAS_ENSAMBLADOR\PROYECTO1.X\MAIN.ASM 656 : Found label after column 1. (MINUTOS_2)
Warning[207] C:\USERS\ANGELORELLANA\ONEDRIVE\ESCRITORIO\UVG\4TOSEMESTRE\PROGRADEMICROS\PROGRAMAS_ENSAMBLADOR\PROYECTO1.X\MAIN.ASM 662 : Found label after column 1. (HORAS_1)
Warning[207] C:\USERS\ANGELORELLANA\ONEDRIVE\ESCRITORIO\UVG\4TOSEMESTRE\PROGRADEMICROS\PROGRAMAS_ENSAMBLADOR\PROYECTO1.X\MAIN.ASM 668 : Found label after column 1. (HORAS_2)
Warning[207] C:\USERS\ANGELORELLANA\ONEDRIVE\ESCRITORIO\UVG\4TOSEMESTRE\PROGRADEMICROS\PROGRAMAS_ENSAMBLADOR\PROYECTO1.X\MAIN.ASM 685 : Found label after column 1. (MINUTOS_1_EDITAR)
Warning[207] C:\USERS\ANGELORELLANA\ONEDRIVE\ESCRITORIO\UVG\4TOSEMESTRE\PROGRADEMICROS\PROGRAMAS_ENSAMBLADOR\PROYECTO1.X\MAIN.ASM 691 : Found label after column 1. (MINUTOS_1_EDITAR_NORMAL)
Warning[207] C:\USERS\ANGELORELLANA\ONEDRIVE\ESCRITORIO\UVG\4TOSEMESTRE\PROGRADEMICROS\PROGRAMAS_ENSAMBLADOR\PROYECTO1.X\MAIN.ASM 697 : Found label after column 1. (MINUTOS_2_EDITAR)
Warning[207] C:\USERS\ANGELORELLANA\ONEDRIVE\ESCRITORIO\UVG\4TOSEMESTRE\PROGRADEMICROS\PROGRAMAS_ENSAMBLADOR\PROYECTO1.X\MAIN.ASM 703 : Found label after column 1. (MINUTOS_2_EDITAR_NORMAL)
Warning[207] C:\USERS\ANGELORELLANA\ONEDRIVE\ESCRITORIO\UVG\4TOSEMESTRE\PROGRADEMICROS\PROGRAMAS_ENSAMBLADOR\PROYECTO1.X\MAIN.ASM 709 : Found label after column 1. (HORAS_1_EDITAR)
Warning[207] C:\USERS\ANGELORELLANA\ONEDRIVE\ESCRITORIO\UVG\4TOSEMESTRE\PROGRADEMICROS\PROGRAMAS_ENSAMBLADOR\PROYECTO1.X\MAIN.ASM 715 : Found label after column 1. (HORAS_1_EDITAR_NORMAL)
Warning[207] C:\USERS\ANGELORELLANA\ONEDRIVE\ESCRITORIO\UVG\4TOSEMESTRE\PROGRADEMICROS\PROGRAMAS_ENSAMBLADOR\PROYECTO1.X\MAIN.ASM 721 : Found label after column 1. (HORAS_2_EDITAR)
Warning[207] C:\USERS\ANGELORELLANA\ONEDRIVE\ESCRITORIO\UVG\4TOSEMESTRE\PROGRADEMICROS\PROGRAMAS_ENSAMBLADOR\PROYECTO1.X\MAIN.ASM 727 : Found label after column 1. (HORAS_2_EDITAR_NORMAL)
Warning[207] C:\USERS\ANGELORELLANA\ONEDRIVE\ESCRITORIO\UVG\4TOSEMESTRE\PROGRADEMICROS\PROGRAMAS_ENSAMBLADOR\PROYECTO1.X\MAIN.ASM 745 : Found label after column 1. (MES_1_EDITAR)
Warning[207] C:\USERS\ANGELORELLANA\ONEDRIVE\ESCRITORIO\UVG\4TOSEMESTRE\PROGRADEMICROS\PROGRAMAS_ENSAMBLADOR\PROYECTO1.X\MAIN.ASM 751 : Found label after column 1. (MES_1_EDITAR_NORMAL)
Warning[207] C:\USERS\ANGELORELLANA\ONEDRIVE\ESCRITORIO\UVG\4TOSEMESTRE\PROGRADEMICROS\PROGRAMAS_ENSAMBLADOR\PROYECTO1.X\MAIN.ASM 757 : Found label after column 1. (MES_2_EDITAR)
Warning[207] C:\USERS\ANGELORELLANA\ONEDRIVE\ESCRITORIO\UVG\4TOSEMESTRE\PROGRADEMICROS\PROGRAMAS_ENSAMBLADOR\PROYECTO1.X\MAIN.ASM 763 : Found label after column 1. (MES_2_EDITAR_NORMAL)
Warning[207] C:\USERS\ANGELORELLANA\ONEDRIVE\ESCRITORIO\UVG\4TOSEMESTRE\PROGRADEMICROS\PROGRAMAS_ENSAMBLADOR\PROYECTO1.X\MAIN.ASM 769 : Found label after column 1. (DIA_1_EDITAR)
Warning[207] C:\USERS\ANGELORELLANA\ONEDRIVE\ESCRITORIO\UVG\4TOSEMESTRE\PROGRADEMICROS\PROGRAMAS_ENSAMBLADOR\PROYECTO1.X\MAIN.ASM 775 : Found label after column 1. (DIA_1_EDITAR_NORMAL)
Warning[207] C:\USERS\ANGELORELLANA\ONEDRIVE\ESCRITORIO\UVG\4TOSEMESTRE\PROGRADEMICROS\PROGRAMAS_ENSAMBLADOR\PROYECTO1.X\MAIN.ASM 781 : Found label after column 1. (DIA_2_EDITAR)
Warning[207] C:\USERS\ANGELORELLANA\ONEDRIVE\ESCRITORIO\UVG\4TOSEMESTRE\PROGRADEMICROS\PROGRAMAS_ENSAMBLADOR\PROYECTO1.X\MAIN.ASM 787 : Found label after column 1. (DIA_2_EDITAR_NORMAL)
Warning[207] C:\USERS\ANGELORELLANA\ONEDRIVE\ESCRITORIO\UVG\4TOSEMESTRE\PROGRADEMICROS\PROGRAMAS_ENSAMBLADOR\PROYECTO1.X\MAIN.ASM 804 : Found label after column 1. (SEGUNDOS_TEMPORIZADOR_1_EDITAR)
Warning[207] C:\USERS\ANGELORELLANA\ONEDRIVE\ESCRITORIO\UVG\4TOSEMESTRE\PROGRADEMICROS\PROGRAMAS_ENSAMBLADOR\PROYECTO1.X\MAIN.ASM 810 : Found label after column 1. (SEGUNDOS_TEMPORIZADOR_1_EDITAR_NORMAL)
Warning[208] C:\USERS\ANGELORELLANA\ONEDRIVE\ESCRITORIO\UVG\4TOSEMESTRE\PROGRADEMICROS\PROGRAMAS_ENSAMBLADOR\PROYECTO1.X\MAIN.ASM 810 : Label truncated at 32 characters. (SEGUNDOS_TEMPORIZADOR_1_EDITAR_NORMAL)
Warning[207] C:\USERS\ANGELORELLANA\ONEDRIVE\ESCRITORIO\UVG\4TOSEMESTRE\PROGRADEMICROS\PROGRAMAS_ENSAMBLADOR\PROYECTO1.X\MAIN.ASM 816 : Found label after column 1. (SEGUNDOS_TEMPORIZADOR_2_EDITAR)
Warning[207] C:\USERS\ANGELORELLANA\ONEDRIVE\ESCRITORIO\UVG\4TOSEMESTRE\PROGRADEMICROS\PROGRAMAS_ENSAMBLADOR\PROYECTO1.X\MAIN.ASM 822 : Found label after column 1. (SEGUNDOS_TEMPORIZADOR_2_EDITAR_NORMAL)
Warning[208] C:\USERS\ANGELORELLANA\ONEDRIVE\ESCRITORIO\UVG\4TOSEMESTRE\PROGRADEMICROS\PROGRAMAS_ENSAMBLADOR\PROYECTO1.X\MAIN.ASM 822 : Label truncated at 32 characters. (SEGUNDOS_TEMPORIZADOR_2_EDITAR_NORMAL)
Warning[207] C:\USERS\ANGELORELLANA\ONEDRIVE\ESCRITORIO\UVG\4TOSEMESTRE\PROGRADEMICROS\PROGRAMAS_ENSAMBLADOR\PROYECTO1.X\MAIN.ASM 828 : Found label after column 1. (MINUTOS_TEMPORIZADOR_1_EDITAR)
Warning[207] C:\USERS\ANGELORELLANA\ONEDRIVE\ESCRITORIO\UVG\4TOSEMESTRE\PROGRADEMICROS\PROGRAMAS_ENSAMBLADOR\PROYECTO1.X\MAIN.ASM 834 : Found label after column 1. (MINUTOS_TEMPORIZADOR_1_EDITAR_NORMAL)
Warning[208] C:\USERS\ANGELORELLANA\ONEDRIVE\ESCRITORIO\UVG\4TOSEMESTRE\PROGRADEMICROS\PROGRAMAS_ENSAMBLADOR\PROYECTO1.X\MAIN.ASM 834 : Label truncated at 32 characters. (MINUTOS_TEMPORIZADOR_1_EDITAR_NORMAL)
Warning[207] C:\USERS\ANGELORELLANA\ONEDRIVE\ESCRITORIO\UVG\4TOSEMESTRE\PROGRADEMICROS\PROGRAMAS_ENSAMBLADOR\PROYECTO1.X\MAIN.ASM 840 : Found label after column 1. (MINUTOS_TEMPORIZADOR_2_EDITAR)
Warning[207] C:\USERS\ANGELORELLANA\ONEDRIVE\ESCRITORIO\UVG\4TOSEMESTRE\PROGRADEMICROS\PROGRAMAS_ENSAMBLADOR\PROYECTO1.X\MAIN.ASM 846 : Found label after column 1. (MINUTOS_TEMPORIZADOR_2_EDITAR_NORMAL)
Warning[208] C:\USERS\ANGELORELLANA\ONEDRIVE\ESCRITORIO\UVG\4TOSEMESTRE\PROGRADEMICROS\PROGRAMAS_ENSAMBLADOR\PROYECTO1.X\MAIN.ASM 846 : Label truncated at 32 characters. (MINUTOS_TEMPORIZADOR_2_EDITAR_NORMAL)
Warning[207] C:\USERS\ANGELORELLANA\ONEDRIVE\ESCRITORIO\UVG\4TOSEMESTRE\PROGRADEMICROS\PROGRAMAS_ENSAMBLADOR\PROYECTO1.X\MAIN.ASM 863 : Found label after column 1. (DEC_MINUTO_TEMPORIZADOR)
Warning[207] C:\USERS\ANGELORELLANA\ONEDRIVE\ESCRITORIO\UVG\4TOSEMESTRE\PROGRADEMICROS\PROGRAMAS_ENSAMBLADOR\PROYECTO1.X\MAIN.ASM 891 : Found label after column 1. (VALOR_MES)
Message[305] C:\USERS\ANGELORELLANA\ONEDRIVE\ESCRITORIO\UVG\4TOSEMESTRE\PROGRADEMICROS\PROGRAMAS_ENSAMBLADOR\PROYECTO1.X\MAIN.ASM 908 : Using default destination of 1 (file).
Warning[207] C:\USERS\ANGELORELLANA\ONEDRIVE\ESCRITORIO\UVG\4TOSEMESTRE\PROGRADEMICROS\PROGRAMAS_ENSAMBLADOR\PROYECTO1.X\MAIN.ASM 951 : Found label after column 1. (CORRECCION_HORA)
Warning[207] C:\USERS\ANGELORELLANA\ONEDRIVE\ESCRITORIO\UVG\4TOSEMESTRE\PROGRADEMICROS\PROGRAMAS_ENSAMBLADOR\PROYECTO1.X\MAIN.ASM 984 : Found label after column 1. (SI_YA_SE_ENTRO_ANTES)
Warning[207] C:\USERS\ANGELORELLANA\ONEDRIVE\ESCRITORIO\UVG\4TOSEMESTRE\PROGRADEMICROS\PROGRAMAS_ENSAMBLADOR\PROYECTO1.X\MAIN.ASM 1000 : Found label after column 1. (CAMBIAR_0)
Warning[207] C:\USERS\ANGELORELLANA\ONEDRIVE\ESCRITORIO\UVG\4TOSEMESTRE\PROGRADEMICROS\PROGRAMAS_ENSAMBLADOR\PROYECTO1.X\MAIN.ASM 1003 : Found label after column 1. (CAMBIAR)
Warning[207] C:\USERS\ANGELORELLANA\ONEDRIVE\ESCRITORIO\UVG\4TOSEMESTRE\PROGRADEMICROS\PROGRAMAS_ENSAMBLADOR\PROYECTO1.X\MAIN.ASM 1008 : Found label after column 1. (EDIT_MINUTE)
Warning[207] C:\USERS\ANGELORELLANA\ONEDRIVE\ESCRITORIO\UVG\4TOSEMESTRE\PROGRADEMICROS\PROGRAMAS_ENSAMBLADOR\PROYECTO1.X\MAIN.ASM 1010 : Found label after column 1. (DECREMENTAR_MINUTE)
Warning[207] C:\USERS\ANGELORELLANA\ONEDRIVE\ESCRITORIO\UVG\4TOSEMESTRE\PROGRADEMICROS\PROGRAMAS_ENSAMBLADOR\PROYECTO1.X\MAIN.ASM 1028 : Found label after column 1. (CORREGIR_BCD_MINUTO_EDITAR)
Warning[207] C:\USERS\ANGELORELLANA\ONEDRIVE\ESCRITORIO\UVG\4TOSEMESTRE\PROGRADEMICROS\PROGRAMAS_ENSAMBLADOR\PROYECTO1.X\MAIN.ASM 1038 : Found label after column 1. (INCREMENTAR_MINUTE)
Warning[207] C:\USERS\ANGELORELLANA\ONEDRIVE\ESCRITORIO\UVG\4TOSEMESTRE\PROGRADEMICROS\PROGRAMAS_ENSAMBLADOR\PROYECTO1.X\MAIN.ASM 1059 : Found label after column 1. (VERIFICAR_OVERFLOW_MINUTO_EDITAR)
Warning[207] C:\USERS\ANGELORELLANA\ONEDRIVE\ESCRITORIO\UVG\4TOSEMESTRE\PROGRADEMICROS\PROGRAMAS_ENSAMBLADOR\PROYECTO1.X\MAIN.ASM 1067 : Found label after column 1. (EDIT_HOUR)
Warning[207] C:\USERS\ANGELORELLANA\ONEDRIVE\ESCRITORIO\UVG\4TOSEMESTRE\PROGRADEMICROS\PROGRAMAS_ENSAMBLADOR\PROYECTO1.X\MAIN.ASM 1087 : Found label after column 1. (CORREGIR_BCD_HORA_EDITAR)
Warning[207] C:\USERS\ANGELORELLANA\ONEDRIVE\ESCRITORIO\UVG\4TOSEMESTRE\PROGRADEMICROS\PROGRAMAS_ENSAMBLADOR\PROYECTO1.X\MAIN.ASM 1097 : Found label after column 1. (INCREMENTAR_HOUR)
Warning[207] C:\USERS\ANGELORELLANA\ONEDRIVE\ESCRITORIO\UVG\4TOSEMESTRE\PROGRADEMICROS\PROGRAMAS_ENSAMBLADOR\PROYECTO1.X\MAIN.ASM 1118 : Found label after column 1. (VERIFICAR_OVERFLOW_HORA_EDITAR)
Warning[207] C:\USERS\ANGELORELLANA\ONEDRIVE\ESCRITORIO\UVG\4TOSEMESTRE\PROGRADEMICROS\PROGRAMAS_ENSAMBLADOR\PROYECTO1.X\MAIN.ASM 1124 : Found label after column 1. (SALIR)
Warning[207] C:\USERS\ANGELORELLANA\ONEDRIVE\ESCRITORIO\UVG\4TOSEMESTRE\PROGRADEMICROS\PROGRAMAS_ENSAMBLADOR\PROYECTO1.X\MAIN.ASM 1176 : Found label after column 1. (SI_YA_SE_ENTRO_ANTES_FECHA)
Warning[207] C:\USERS\ANGELORELLANA\ONEDRIVE\ESCRITORIO\UVG\4TOSEMESTRE\PROGRADEMICROS\PROGRAMAS_ENSAMBLADOR\PROYECTO1.X\MAIN.ASM 1192 : Found label after column 1. (CAMBIAR_1)
Warning[207] C:\USERS\ANGELORELLANA\ONEDRIVE\ESCRITORIO\UVG\4TOSEMESTRE\PROGRADEMICROS\PROGRAMAS_ENSAMBLADOR\PROYECTO1.X\MAIN.ASM 1195 : Found label after column 1. (CAMBIAR_FECHA)
Warning[207] C:\USERS\ANGELORELLANA\ONEDRIVE\ESCRITORIO\UVG\4TOSEMESTRE\PROGRADEMICROS\PROGRAMAS_ENSAMBLADOR\PROYECTO1.X\MAIN.ASM 1208 : Found label after column 1. (DECISION_FECHA)
Warning[207] C:\USERS\ANGELORELLANA\ONEDRIVE\ESCRITORIO\UVG\4TOSEMESTRE\PROGRADEMICROS\PROGRAMAS_ENSAMBLADOR\PROYECTO1.X\MAIN.ASM 1213 : Found label after column 1. (EDIT_DAY)
Warning[207] C:\USERS\ANGELORELLANA\ONEDRIVE\ESCRITORIO\UVG\4TOSEMESTRE\PROGRADEMICROS\PROGRAMAS_ENSAMBLADOR\PROYECTO1.X\MAIN.ASM 1215 : Found label after column 1. (DECREMENTAR_DAY)
Warning[207] C:\USERS\ANGELORELLANA\ONEDRIVE\ESCRITORIO\UVG\4TOSEMESTRE\PROGRADEMICROS\PROGRAMAS_ENSAMBLADOR\PROYECTO1.X\MAIN.ASM 1233 : Found label after column 1. (CORREGIR_BCD_DIA_EDITAR)
Warning[207] C:\USERS\ANGELORELLANA\ONEDRIVE\ESCRITORIO\UVG\4TOSEMESTRE\PROGRADEMICROS\PROGRAMAS_ENSAMBLADOR\PROYECTO1.X\MAIN.ASM 1243 : Found label after column 1. (INCREMENTAR_DAY)
Warning[207] C:\USERS\ANGELORELLANA\ONEDRIVE\ESCRITORIO\UVG\4TOSEMESTRE\PROGRADEMICROS\PROGRAMAS_ENSAMBLADOR\PROYECTO1.X\MAIN.ASM 1263 : Found label after column 1. (OVERFLOW_DIA)
Warning[207] C:\USERS\ANGELORELLANA\ONEDRIVE\ESCRITORIO\UVG\4TOSEMESTRE\PROGRADEMICROS\PROGRAMAS_ENSAMBLADOR\PROYECTO1.X\MAIN.ASM 1274 : Found label after column 1. (EDIT_MONTH)
Warning[207] C:\USERS\ANGELORELLANA\ONEDRIVE\ESCRITORIO\UVG\4TOSEMESTRE\PROGRADEMICROS\PROGRAMAS_ENSAMBLADOR\PROYECTO1.X\MAIN.ASM 1296 : Found label after column 1. (CORREGIR_BCD_MES_EDITAR)
Message[305] C:\USERS\ANGELORELLANA\ONEDRIVE\ESCRITORIO\UVG\4TOSEMESTRE\PROGRADEMICROS\PROGRAMAS_ENSAMBLADOR\PROYECTO1.X\MAIN.ASM 1305 : Using default destination of 1 (file).
Warning[207] C:\USERS\ANGELORELLANA\ONEDRIVE\ESCRITORIO\UVG\4TOSEMESTRE\PROGRADEMICROS\PROGRAMAS_ENSAMBLADOR\PROYECTO1.X\MAIN.ASM 1307 : Found label after column 1. (INCREMENTAR_MONTH)
Warning[207] C:\USERS\ANGELORELLANA\ONEDRIVE\ESCRITORIO\UVG\4TOSEMESTRE\PROGRADEMICROS\PROGRAMAS_ENSAMBLADOR\PROYECTO1.X\MAIN.ASM 1328 : Found label after column 1. (CORREGIR_BCD_MES_INCREMENTAR)
Warning[207] C:\USERS\ANGELORELLANA\ONEDRIVE\ESCRITORIO\UVG\4TOSEMESTRE\PROGRADEMICROS\PROGRAMAS_ENSAMBLADOR\PROYECTO1.X\MAIN.ASM 1338 : Found label after column 1. (SALIR_FECHA)
Warning[207] C:\USERS\ANGELORELLANA\ONEDRIVE\ESCRITORIO\UVG\4TOSEMESTRE\PROGRADEMICROS\PROGRAMAS_ENSAMBLADOR\PROYECTO1.X\MAIN.ASM 1363 : Found label after column 1. (EDITAR_TEMPORIZADOR)
Warning[207] C:\USERS\ANGELORELLANA\ONEDRIVE\ESCRITORIO\UVG\4TOSEMESTRE\PROGRADEMICROS\PROGRAMAS_ENSAMBLADOR\PROYECTO1.X\MAIN.ASM 1390 : Found label after column 1. (IF_NOT_CERO)
Warning[207] C:\USERS\ANGELORELLANA\ONEDRIVE\ESCRITORIO\UVG\4TOSEMESTRE\PROGRADEMICROS\PROGRAMAS_ENSAMBLADOR\PROYECTO1.X\MAIN.ASM 1393 : Found label after column 1. (CONTINUE)
Warning[207] C:\USERS\ANGELORELLANA\ONEDRIVE\ESCRITORIO\UVG\4TOSEMESTRE\PROGRADEMICROS\PROGRAMAS_ENSAMBLADOR\PROYECTO1.X\MAIN.ASM 1406 : Found label after column 1. (SI_YA_SE_ENTRO_ANTES_TEMPORIZADOR)
Warning[208] C:\USERS\ANGELORELLANA\ONEDRIVE\ESCRITORIO\UVG\4TOSEMESTRE\PROGRADEMICROS\PROGRAMAS_ENSAMBLADOR\PROYECTO1.X\MAIN.ASM 1406 : Label truncated at 32 characters. (SI_YA_SE_ENTRO_ANTES_TEMPORIZADOR)
Warning[207] C:\USERS\ANGELORELLANA\ONEDRIVE\ESCRITORIO\UVG\4TOSEMESTRE\PROGRADEMICROS\PROGRAMAS_ENSAMBLADOR\PROYECTO1.X\MAIN.ASM 1422 : Found label after column 1. (CAMBIAR_0_TEMPORIZADOR)
Warning[207] C:\USERS\ANGELORELLANA\ONEDRIVE\ESCRITORIO\UVG\4TOSEMESTRE\PROGRADEMICROS\PROGRAMAS_ENSAMBLADOR\PROYECTO1.X\MAIN.ASM 1425 : Found label after column 1. (CAMBIAR_TEMPORIZADOR)
Warning[207] C:\USERS\ANGELORELLANA\ONEDRIVE\ESCRITORIO\UVG\4TOSEMESTRE\PROGRADEMICROS\PROGRAMAS_ENSAMBLADOR\PROYECTO1.X\MAIN.ASM 1430 : Found label after column 1. (EDIT_SECOND)
Warning[207] C:\USERS\ANGELORELLANA\ONEDRIVE\ESCRITORIO\UVG\4TOSEMESTRE\PROGRADEMICROS\PROGRAMAS_ENSAMBLADOR\PROYECTO1.X\MAIN.ASM 1432 : Found label after column 1. (DECREMENTAR_SECOND)
Warning[207] C:\USERS\ANGELORELLANA\ONEDRIVE\ESCRITORIO\UVG\4TOSEMESTRE\PROGRADEMICROS\PROGRAMAS_ENSAMBLADOR\PROYECTO1.X\MAIN.ASM 1455 : Found label after column 1. (CORREGIR_BCD_TEMP_SEG_DEC)
Warning[207] C:\USERS\ANGELORELLANA\ONEDRIVE\ESCRITORIO\UVG\4TOSEMESTRE\PROGRADEMICROS\PROGRAMAS_ENSAMBLADOR\PROYECTO1.X\MAIN.ASM 1466 : Found label after column 1. (CORREGIR_BCD_SEGUNDO_TEMPORIZADOR_EDITAR)
Warning[208] C:\USERS\ANGELORELLANA\ONEDRIVE\ESCRITORIO\UVG\4TOSEMESTRE\PROGRADEMICROS\PROGRAMAS_ENSAMBLADOR\PROYECTO1.X\MAIN.ASM 1466 : Label truncated at 32 characters. (CORREGIR_BCD_SEGUNDO_TEMPORIZADOR_EDITAR)
Warning[207] C:\USERS\ANGELORELLANA\ONEDRIVE\ESCRITORIO\UVG\4TOSEMESTRE\PROGRADEMICROS\PROGRAMAS_ENSAMBLADOR\PROYECTO1.X\MAIN.ASM 1476 : Found label after column 1. (INCREMENTAR_SECOND)
Warning[207] C:\USERS\ANGELORELLANA\ONEDRIVE\ESCRITORIO\UVG\4TOSEMESTRE\PROGRADEMICROS\PROGRAMAS_ENSAMBLADOR\PROYECTO1.X\MAIN.ASM 1499 : Found label after column 1. (CORREGIR_BCD_TEMP_SEG_INC)
Warning[207] C:\USERS\ANGELORELLANA\ONEDRIVE\ESCRITORIO\UVG\4TOSEMESTRE\PROGRADEMICROS\PROGRAMAS_ENSAMBLADOR\PROYECTO1.X\MAIN.ASM 1510 : Found label after column 1. (VERIFICAR_OVERFLOW_SEGUNDOS_TEMPORIZADOR_EDITAR)
Warning[208] C:\USERS\ANGELORELLANA\ONEDRIVE\ESCRITORIO\UVG\4TOSEMESTRE\PROGRADEMICROS\PROGRAMAS_ENSAMBLADOR\PROYECTO1.X\MAIN.ASM 1510 : Label truncated at 32 characters. (VERIFICAR_OVERFLOW_SEGUNDOS_TEMPORIZADOR_EDITAR)
Warning[207] C:\USERS\ANGELORELLANA\ONEDRIVE\ESCRITORIO\UVG\4TOSEMESTRE\PROGRADEMICROS\PROGRAMAS_ENSAMBLADOR\PROYECTO1.X\MAIN.ASM 1518 : Found label after column 1. (EDIT_MINUTE_TEMPORIZADOR)
Warning[207] C:\USERS\ANGELORELLANA\ONEDRIVE\ESCRITORIO\UVG\4TOSEMESTRE\PROGRADEMICROS\PROGRAMAS_ENSAMBLADOR\PROYECTO1.X\MAIN.ASM 1535 : Found label after column 1. (VER_PORTB)
Warning[207] C:\USERS\ANGELORELLANA\ONEDRIVE\ESCRITORIO\UVG\4TOSEMESTRE\PROGRADEMICROS\PROGRAMAS_ENSAMBLADOR\PROYECTO1.X\MAIN.ASM 1554 : Found label after column 1. (CORREGIR_BCD_MINUTOS_TEMPORIZADOR_EDITAR)
Warning[208] C:\USERS\ANGELORELLANA\ONEDRIVE\ESCRITORIO\UVG\4TOSEMESTRE\PROGRADEMICROS\PROGRAMAS_ENSAMBLADOR\PROYECTO1.X\MAIN.ASM 1554 : Label truncated at 32 characters. (CORREGIR_BCD_MINUTOS_TEMPORIZADOR_EDITAR)
Warning[207] C:\USERS\ANGELORELLANA\ONEDRIVE\ESCRITORIO\UVG\4TOSEMESTRE\PROGRADEMICROS\PROGRAMAS_ENSAMBLADOR\PROYECTO1.X\MAIN.ASM 1564 : Found label after column 1. (INCREMENTAR_MINUTE_TEMPORIZADOR)
Warning[207] C:\USERS\ANGELORELLANA\ONEDRIVE\ESCRITORIO\UVG\4TOSEMESTRE\PROGRADEMICROS\PROGRAMAS_ENSAMBLADOR\PROYECTO1.X\MAIN.ASM 1585 : Found label after column 1. (VERIFICAR_OVERFLOW_MINUTOS_EDITAR)
Warning[208] C:\USERS\ANGELORELLANA\ONEDRIVE\ESCRITORIO\UVG\4TOSEMESTRE\PROGRADEMICROS\PROGRAMAS_ENSAMBLADOR\PROYECTO1.X\MAIN.ASM 1585 : Label truncated at 32 characters. (VERIFICAR_OVERFLOW_MINUTOS_EDITAR)
Warning[207] C:\USERS\ANGELORELLANA\ONEDRIVE\ESCRITORIO\UVG\4TOSEMESTRE\PROGRADEMICROS\PROGRAMAS_ENSAMBLADOR\PROYECTO1.X\MAIN.ASM 1591 : Found label after column 1. (SALIR_TEMPORIZADOR)
