MPASM 5.84                          MAIN.ASM   8-7-2020  16:32:08         PAGE  1


LOC  OBJECT CODE     LINE SOURCE TEXT
  VALUE

                      00001 ;*******************************************************************************
                      00002 ;                                                                              *
                      00003 ;    Microchip licenses this software to you solely for use with Microchip     *
                      00004 ;    products. The software is owned by Microchip and/or its licensors, and is *
                      00005 ;    protected under applicable copyright laws.  All rights reserved.          *
                      00006 ;                                                                              *
                      00007 ;    This software and any accompanying information is for suggestion only.    *
                      00008 ;    It shall not be deemed to modify Microchip?s standard warranty for its    *
                      00009 ;    products.  It is your responsibility to ensure that this software meets   *
                      00010 ;    your requirements.                                                        *
                      00011 ;                                                                              *
                      00012 ;    SOFTWARE IS PROVIDED "AS IS".  MICROCHIP AND ITS LICENSORS EXPRESSLY      *
                      00013 ;    DISCLAIM ANY WARRANTY OF ANY KIND, WHETHER EXPRESS OR IMPLIED, INCLUDING  *
                      00014 ;    BUT NOT LIMITED TO, THE IMPLIED WARRANTIES OF MERCHANTABILITY, FITNESS    *
                      00015 ;    FOR A PARTICULAR PURPOSE, OR NON-INFRINGEMENT. IN NO EVENT SHALL          *
                      00016 ;    MICROCHIP OR ITS LICENSORS BE LIABLE FOR ANY INCIDENTAL, SPECIAL,         *
                      00017 ;    INDIRECT OR CONSEQUENTIAL DAMAGES, LOST PROFITS OR LOST DATA, HARM TO     *
                      00018 ;    YOUR EQUIPMENT, COST OF PROCUREMENT OF SUBSTITUTE GOODS, TECHNOLOGY OR    *
                      00019 ;    SERVICES, ANY CLAIMS BY THIRD PARTIES (INCLUDING BUT NOT LIMITED TO ANY   *
                      00020 ;    DEFENSE THEREOF), ANY CLAIMS FOR INDEMNITY OR CONTRIBUTION, OR OTHER      *
                      00021 ;    SIMILAR COSTS.                                                            *
                      00022 ;                                                                              *
                      00023 ;    To the fullest extend allowed by law, Microchip and its licensors         *
                      00024 ;    liability shall not exceed the amount of fee, if any, that you have paid  *
                      00025 ;    directly to Microchip to use this software.                               *
                      00026 ;                                                                              *
                      00027 ;    MICROCHIP PROVIDES THIS SOFTWARE CONDITIONALLY UPON YOUR ACCEPTANCE OF    *
                      00028 ;    THESE TERMS.                                                              *
                      00029 ;                                                                              *
                      00030 ;*******************************************************************************
                      00031 ;                                                                              *
                      00032 ;    Filename:     Main                                                            *
                      00033 ;    Date:      28/7/020                                                        *
                      00034 ;    File Version:      V1                                                       *
                      00035 ;    Author:        Angel Orellna                                                     *
                      00036 ;    Company:          UVG                                              *
                      00037 ;    Description:  hacer un sumador de 4 bits, *
                      00038 ;                                                                              *
                      00039 ;*******************************************************************************
                      00040 ;                                                                              *
                      00041 ;    Notes: In the MPLAB X Help, refer to the MPASM Assembler documentation    *
                      00042 ;    for information on assembly instructions.                                 *
                      00043 ;                                                                              *
                      00044 ;*******************************************************************************
                      00045 ;                                                                              *
                      00046 ;    Known Issues: This template is designed for relocatable code.  As such,   *
                      00047 ;    build errors such as "Directive only allowed when generating an object    *
                      00048 ;    file" will result when the 'Build in Absolute Mode' checkbox is selected  *
                      00049 ;    in the project properties.  Designing code in absolute mode is            *
                      00050 ;    antiquated - use relocatable mode.                                        *
                      00051 ;                                                                              *
                      00052 ;*******************************************************************************
                      00053 ;                                                                              *
MPASM 5.84                          MAIN.ASM   8-7-2020  16:32:08         PAGE  2


LOC  OBJECT CODE     LINE SOURCE TEXT
  VALUE

                      00054 ;    Revision History:                                                         *
                      00055 ;                                                                              *
                      00056 ;*******************************************************************************
                      00057 
                      00058 
                      00059 
                      00060 ;*******************************************************************************
                      00061 ; Processor Inclusion
                      00062 ;
                      00063 ; TODO Step #1 Open the task list under Window > Tasks.  Include your
                      00064 ; device .inc file - e.g. #include <device_name>.inc.  Available
                      00065 ; include files are in C:\Program Files\Microchip\MPLABX\mpasmx
                      00066 ; assuming the default installation path for MPLAB X.  You may manually find
                      00067 ; the appropriate include file for your device here and include it, or
                      00068 ; simply copy the include generated by the configuration bits
                      00069 ; generator (see Step #2).
                      00070 ;
                      00071 ;*******************************************************************************
                      00072 
                      00073 ; TODO INSERT INCLUDE CODE HERE
                      00074     ; PIC16F887 Configuration Bit Settings
                      00075 
                      00076 ; Assembly source line config statements
                      00077 
                      00078 #include "p16f887.inc"
                      00001         LIST
                      00002 
                      00003 ;==========================================================================
                      00004 ; Build date : Mar 17 2019
                      00005 ;  MPASM PIC16F887 processor include
                      00006 ; 
                      00007 ;  (c) Copyright 1999-2019 Microchip Technology, All rights reserved
                      00008 ;==========================================================================
                      00009 
                      00810         LIST
                      00079 
                      00080 ; CONFIG1
                      00081 ; __config 0xE0D4
2007   20D4           00082  __CONFIG _CONFIG1, _FOSC_INTRC_NOCLKOUT & _WDTE_OFF & _PWRTE_OFF & _MCLRE_OFF & _CP_OFF & _CPD_OFF & _B
                            OREN_OFF & _IESO_OFF & _FCMEN_OFF & _LVP_OFF
                      00083 ; CONFIG2
                      00084 ; __config 0xFFFF
2008   3FFF           00085  __CONFIG _CONFIG2, _BOR4V_BOR40V & _WRT_OFF
                      00086 
                      00087 ;*******************************************************************************
                      00088 ;
                      00089 ; TODO Step #2 - Configuration Word Setup
                      00090 ;
                      00091 ; The 'CONFIG' directive is used to embed the configuration word within the
                      00092 ; .asm file. MPLAB X requires users to embed their configuration words
                      00093 ; into source code.  See the device datasheet for additional information
                      00094 ; on configuration word settings.  Device configuration bits descriptions
                      00095 ; are in C:\Program Files\Microchip\MPLABX\mpasmx\P<device_name>.inc
MPASM 5.84                          MAIN.ASM   8-7-2020  16:32:08         PAGE  3


LOC  OBJECT CODE     LINE SOURCE TEXT
  VALUE

                      00096 ; (may change depending on your MPLAB X installation directory).
                      00097 ;
                      00098 ; MPLAB X has a feature which generates configuration bits source code.  Go to
                      00099 ; Window > PIC Memory Views > Configuration Bits.  Configure each field as
                      00100 ; needed and select 'Generate Source Code to Output'.  The resulting code which
                      00101 ; appears in the 'Output Window' > 'Config Bits Source' tab may be copied
                      00102 ; below.
                      00103 ;
                      00104 ;*******************************************************************************
                      00105 
                      00106 ; TODO INSERT CONFIG HERE
                      00107 
                      00108 ;*******************************************************************************
                      00109 ;
                      00110 ; TODO Step #3 - Variable Definitions
                      00111 ;
                      00112 ; Refer to datasheet for available data memory (RAM) organization assuming
                      00113 ; relocatible code organization (which is an option in project
                      00114 ; properties > mpasm (Global Options)).  Absolute mode generally should
                      00115 ; be used sparingly.
                      00116 ;
                      00117 ; Example of using GPR Uninitialized Data
                      00118 ;
                      00119 ;   GPR_VAR        UDATA
                      00120 ;   MYVAR1         RES        1      ; User variable linker places
                      00121 ;   MYVAR2         RES        1      ; User variable linker places
                      00122 ;   MYVAR3         RES        1      ; User variable linker places
                      00123 ;
                      00124 ;   ; Example of using Access Uninitialized Data Section (when available)
                      00125 ;   ; The variables for the context saving in the device datasheet may need
                      00126 ;   ; memory reserved here.
                      00127 ;   INT_VAR        UDATA_ACS
                      00128 ;   W_TEMP         RES        1      ; w register for context saving (ACCESS)
                      00129 ;   STATUS_TEMP    RES        1      ; status used for context saving
                      00130 ;   BSR_TEMP       RES        1      ; bank select used for ISR context saving
                      00131 ;
                      00132 ;*******************************************************************************
                      00133 
                      00134 ; TODO PLACE VARIABLE DEFINITIONS GO HERE
                      00135 
Warning[207]: Found label after column 1. (VARIABLES)
                      00136  VARIABLES  UDATA
Warning[207]: Found label after column 1. (SUMANDO1)
0000                  00137   SUMANDO1  RES 1 ;VARIABLE PARA EL PRIMER SUMANDO
Warning[207]: Found label after column 1. (SUMANDO2)
0001                  00138   SUMANDO2  RES 1 ;VARIABLE PARA EL SEGUNDO SUMANDO
Warning[207]: Found label after column 1. (RESULTADO)
0002                  00139   RESULTADO RES 1   ;RESULTADO DE LA SUMA
Warning[207]: Found label after column 1. (CONTADOR1)
0003                  00140   CONTADOR1 RES 1   ;CONTADOR PARA DELAY PEQUENIO
Warning[207]: Found label after column 1. (CONTADOR2)
0004                  00141   CONTADOR2 RES 1   ;CONTADOR PARA DELAY MEDIO
Warning[207]: Found label after column 1. (FLAGS)
MPASM 5.84                          MAIN.ASM   8-7-2020  16:32:08         PAGE  4


LOC  OBJECT CODE     LINE SOURCE TEXT
  VALUE

0005                  00142   FLAGS     RES 1   ;   
                      00143  
                      00144 ;*******************************************************************************
                      00145 ; Reset Vector
                      00146 ;*******************************************************************************
                      00147 
                      00148 RES_VECT  CODE    0x0000            ; processor reset vector
0000   2???           00149     GOTO    START                   ; go to beginning of program
                      00150 
                      00151 ;*******************************************************************************
                      00152 ; TODO Step #4 - Interrupt Service Routines
                      00153 ;
                      00154 ; There are a few different ways to structure interrupt routines in the 8
                      00155 ; bit device families.  On PIC18's the high priority and low priority
                      00156 ; interrupts are located at 0x0008 and 0x0018, respectively.  On PIC16's and
                      00157 ; lower the interrupt is at 0x0004.  Between device families there is subtle
                      00158 ; variation in the both the hardware supporting the ISR (for restoring
                      00159 ; interrupt context) as well as the software used to restore the context
                      00160 ; (without corrupting the STATUS bits).
                      00161 ;
                      00162 ; General formats are shown below in relocatible format.
                      00163 ;
                      00164 ;------------------------------PIC16's and below--------------------------------
                      00165 ;
                      00166 ; ISR       CODE    0x0004           ; interrupt vector location
                      00167 ;
                      00168 ;     <Search the device datasheet for 'context' and copy interrupt
                      00169 ;     context saving code here.  Older devices need context saving code,
                      00170 ;     but newer devices like the 16F#### don't need context saving code.>
                      00171 ;
                      00172 ;     RETFIE
                      00173 ;----------------------------------PIC18's--------------------------------------    ;v
                      00174 ; ISRHV     CODE    0x0008
                      00175 ;     GOTO    HIGH_ISR
                      00176 ; ISRLV     CODE    0x0018
                      00177 ; GOTO    LOW_ISR
                      00178 
                      00179     
                      00180 ; ISRH      CODE                     ; let linker place high ISR routine
                      00181 ; HIGH_ISR
                      00182 ;     <Insert High Priority ISR Here - no SW context saving>
                      00183 ;     RETFIE  FAST
                      00184 ;
                      00185 ; ISRL      CODE                     ; let linker place low ISR routine
                      00186 ; LOW_ISR
                      00187 ;       <Search the device datasheet for 'context' and copy interrupt
                      00188 ;       context saving code here>
                      00189 ;     RETFIE
                      00190 ;
                      00191 ;*******************************************************************************
                      00192 
                      00193 ; TODO INSERT ISR HERE
                      00194 
MPASM 5.84                          MAIN.ASM   8-7-2020  16:32:08         PAGE  5


LOC  OBJECT CODE     LINE SOURCE TEXT
  VALUE

                      00195 ;*******************************************************************************
                      00196 ; MAIN PROGRAM
                      00197 ;*******************************************************************************
                      00198 
                      00199 MAIN_PROG CODE                      ; let linker place main program
                      00200 
0000                  00201 START
0000                  00202 CONF
                      00203     ;SE USARA EL PUERTO A PARA MOSRAR LOS SUMANDOS EL PUERTO B PARA LAS ENTRADAS 
                      00204     ; Y EL PUERTO C PARA LAS SALIDAS
0000   1683           00205     BSF STATUS,5
0001   1703           00206     BSF STATUS,6 ;IR AL BANCO 3 STATUS 
                      00207     
Message[302]: Register in operand not in bank 0.  Ensure that bank bits are correct.
0002   0188           00208     CLRF ANSEL
Message[302]: Register in operand not in bank 0.  Ensure that bank bits are correct.
0003   0189           00209     CLRF ANSELH ;CAMBIAR A USO DIGITAL DE PUERTO A Y B
                      00210     
Message[302]: Register in operand not in bank 0.  Ensure that bank bits are correct.
0004   1381           00211     BCF OPTION_REG,7 ;HABILITAR RESISTENCIAS DE PULL UP
                      00212     
0005   1303           00213     BCF STATUS,6 ;IR A BANCO 1
Message[302]: Register in operand not in bank 0.  Ensure that bank bits are correct.
0006   0185           00214     CLRF TRISA ;PUERTO A COMO SALIDA
Message[302]: Register in operand not in bank 0.  Ensure that bank bits are correct.
0007   0187           00215     CLRF TRISC  
0008   30FF           00216     MOVLW .255  ;00011111
Message[302]: Register in operand not in bank 0.  Ensure that bank bits are correct.
0009   0086           00217     MOVWF TRISB ;ENTRADA EL PUERTO B
                      00218    
                      00219     
000A   1283           00220     BCF STATUS,5;BANCO 0
000B   0187           00221     CLRF PORTC  ;SALIDA EL PUERTO C
000C   0185           00222     CLRF PORTA ;SE LIMPIA EL PUERTOA
                      00223     
000D   01??           00224     CLRF   SUMANDO1
000E   01??           00225     CLRF   SUMANDO2
                      00226 
000F                  00227 LOOP:
                      00228     ;RBO SERA PARA INCREMENTAR SUMANDO1, RB1 PARA DECREMENTARLO
                      00229     ;RB2 SERA PARA INCREMENTAR SUMANDO2, RB3 PARA DECREMENTARLO
                      00230     ;RB4 SERA PARA REALIZAR LA SUMA
000F   0806           00231     MOVFW   PORTB ;00011111
0010   00??           00232     MOVWF   FLAGS  ;SE GUARDAN LOS VALORES DEL PUERTO PARA SU COM
0011   2???           00233     CALL DELAY_MED
0012   1C00           00234     BTFSS FLAGS,0  ;incremento del sumando 1
0013   2???           00235     CALL INC_SUM1
0014   1C80           00236     BTFSS FLAGS,1   ;DECREMENTO DEL SUMANDO 1
0015   2???           00237     CALL DEC_SUM1
0016   1D00           00238     BTFSS FLAGS,2   ;incremento del sumando 2
0017   2???           00239     CALL INC_SUM2  
0018   1D80           00240     BTFSS FLAGS,3 ; DECREMENTO DEL SUMANDO 2
0019   2???           00241     CALL DEC_SUM2
MPASM 5.84                          MAIN.ASM   8-7-2020  16:32:08         PAGE  6


LOC  OBJECT CODE     LINE SOURCE TEXT
  VALUE

                      00242     ;ESTO ES PARA VISUALIZAR EL ESTADO DE CADA VARIABLE EN EL PUERTO A LOS PRIMEROS 4 BITS
                      00243     ;SERAN PARA SUMANDO1, Y LOS ULTIMOS 4 BITS PARA SUMANDO B
001A   0E??           00244     SWAPF SUMANDO2,W ;SE INTERCAMBIAN LOS NIBBLES DE ESTA VARIABLE Y SE GUARDA EN W
001B   07??           00245     ADDWF   SUMANDO1,W  
001C   0085           00246     MOVWF   PORTA ; 
                      00247    
001D   1E00           00248     BTFSS FLAGS,4
001E   2???           00249     CALL SUM_VARS
001F   2???           00250     GOTO LOOP
                      00251     
                      00252 
0020                  00253 SUM_VARS:
0020   3000           00254     MOVLW   .0
0021   07??           00255     ADDWF   SUMANDO1,W
0022   07??           00256     ADDWF   SUMANDO2,W
0023   0087           00257     MOVWF   PORTC
Warning[203]: Found opcode in column 1. (RETURN)
0024   0008           00258 RETURN
0025                  00259 INC_SUM1:
                      00260  ;   CALL DELAY_MED
0025   1806           00261     BTFSC  PORTB,0   ; LUEGO DE UN RETARDO SE COMPRUEBA DE NUEVO SI SIGUE PRESIONADO EL BOTON
0026   0A??           00262     INCF SUMANDO1,F
0027   1A00           00263     BTFSC   SUMANDO1,4  ;COMPROBAMOS QUE EL NUMERO NO EXCEDE 4 BITS, SI LO HACE SE ESTABLECE EN CERO
0028   01??           00264     CLRF    SUMANDO1;00000000
                      00265     
Warning[203]: Found opcode in column 1. (RETURN)
0029   0008           00266 RETURN
                      00267 
002A                  00268 INC_SUM2:
                      00269     ;CALL DELAY_MED
002A   1906           00270     BTFSC  PORTB,2   ; LUEGO DE UN RETARDO SE COMPRUEBA DE NUEVO SI SIGUE PRESIONADO EL BOTON
002B   0A??           00271     INCF SUMANDO2,F
002C   1A00           00272     BTFSC   SUMANDO2,4  ;COMPROBAMOS QUE EL NUMERO NO EXCEDE 4 BITS, SI LO HACE SE ESTABLECE EN CERO
002D   01??           00273     CLRF    SUMANDO2
Warning[203]: Found opcode in column 1. (RETURN)
002E   0008           00274 RETURN
                      00275 
002F                  00276 DEC_SUM1:
                      00277     ;CALL DELAY_MED
002F   300F           00278     MOVLW   .15;     0   -1  00001111 
0030   1886           00279     BTFSC  PORTB,1   ; LUEGO DE UN RETARDO SE COMPRUEBA DE NUEVO SI SIGUE PRESIONADO EL BOTON
0031   03??           00280     DECF SUMANDO1,F
0032   1B80           00281     BTFSC   SUMANDO1,7  ;COMPROBAMOS QUE EL NUMERO NO EXCEDE 4 BITS, SI LO HACE SE ESTABLECE EN CERO
0033   00??           00282     MOVWF   SUMANDO1
Warning[203]: Found opcode in column 1. (RETURN)
0034   0008           00283 RETURN
                      00284 
0035                  00285 DEC_SUM2:
                      00286    ; CALL DELAY_MED
0035   300F           00287     MOVLW   .15
0036   1986           00288     BTFSC  PORTB,3   ; LUEGO DE UN RETARDO SE COMPRUEBA DE NUEVO SI SIGUE PRESIONADO EL BOTON
0037   03??           00289     DECF SUMANDO2,F
0038   1B80           00290     BTFSC SUMANDO2,7
MPASM 5.84                          MAIN.ASM   8-7-2020  16:32:08         PAGE  7


LOC  OBJECT CODE     LINE SOURCE TEXT
  VALUE

0039   00??           00291     MOVWF SUMANDO2
Warning[203]: Found opcode in column 1. (RETURN)
003A   0008           00292 RETURN
                      00293 
                      00294     
003B                  00295 DELAY_MED: ;RETARDO DE APROXIMADAMENTE 77.7 mS 
003B   3064           00296     MOVLW .100
003C   00??           00297     MOVWF   CONTADOR2
003D                  00298 LOOP_DELAY
003D   2???           00299     CALL DELAY_SMALL
003E   0B??           00300     DECFSZ CONTADOR2,F
003F   2???           00301     GOTO LOOP_DELAY
Warning[203]: Found opcode in column 1. (RETURN)
0040   0008           00302 RETURN
                      00303 
0041                  00304 DELAY_SMALL:    ;DURA 768 uS
0041   30FF           00305     MOVLW   .255
0042   00??           00306     MOVWF   CONTADOR1
0043   0B??           00307     DECFSZ  CONTADOR1,F
0044   2???           00308     GOTO    $-1
Warning[203]: Found opcode in column 1. (RETURN)
0045   0008           00309 RETURN
20D4 3FFF             00310     END
MPASM 5.84                          MAIN.ASM   8-7-2020  16:32:08         PAGE  8


SYMBOL TABLE
  LABEL                             VALUE 

ABDEN                             00000000
ABDOVF                            00000007
ACKDT                             00000005
ACKEN                             00000004
ACKSTAT                           00000006
ADCON0                            0000001F
ADCON1                            0000009F
ADCS0                             00000006
ADCS1                             00000007
ADDEN                             00000003
ADFM                              00000007
ADIE                              00000006
ADIF                              00000006
ADON                              00000000
ADRESH                            0000001E
ADRESL                            0000009E
ANS0                              00000000
ANS1                              00000001
ANS10                             00000002
ANS11                             00000003
ANS12                             00000004
ANS13                             00000005
ANS2                              00000002
ANS3                              00000003
ANS4                              00000004
ANS5                              00000005
ANS6                              00000006
ANS7                              00000007
ANS8                              00000000
ANS9                              00000001
ANSEL                             00000188
ANSELH                            00000189
BAUDCTL                           00000187
BCLIE                             00000003
BCLIF                             00000003
BF                                00000000
BRG0                              00000000
BRG1                              00000001
BRG10                             00000002
BRG11                             00000003
BRG12                             00000004
BRG13                             00000005
BRG14                             00000006
BRG15                             00000007
BRG16                             00000003
BRG2                              00000002
BRG3                              00000003
BRG4                              00000004
BRG5                              00000005
BRG6                              00000006
BRG7                              00000007
BRG8                              00000000
BRG9                              00000001
MPASM 5.84                          MAIN.ASM   8-7-2020  16:32:08         PAGE  9


SYMBOL TABLE
  LABEL                             VALUE 

BRGH                              00000002
C                                 00000000
C1CH0                             00000000
C1CH1                             00000001
C1IE                              00000005
C1IF                              00000005
C1OE                              00000005
C1ON                              00000007
C1OUT                             00000006
C1POL                             00000004
C1R                               00000002
C1RSEL                            00000005
C1SEN                             00000005
C2CH0                             00000000
C2CH1                             00000001
C2IE                              00000006
C2IF                              00000006
C2OE                              00000005
C2ON                              00000007
C2OUT                             00000006
C2POL                             00000004
C2R                               00000002
C2REN                             00000004
C2RSEL                            00000004
C2SYNC                            00000000
CCP1CON                           00000017
CCP1IE                            00000002
CCP1IF                            00000002
CCP1M0                            00000000
CCP1M1                            00000001
CCP1M2                            00000002
CCP1M3                            00000003
CCP1X                             00000005
CCP1Y                             00000004
CCP2CON                           0000001D
CCP2IE                            00000000
CCP2IF                            00000000
CCP2M0                            00000000
CCP2M1                            00000001
CCP2M2                            00000002
CCP2M3                            00000003
CCP2X                             00000005
CCP2Y                             00000004
CCPR1                             00000015
CCPR1H                            00000016
CCPR1L                            00000015
CCPR2                             0000001B
CCPR2H                            0000001C
CCPR2L                            0000001B
CHS0                              00000002
CHS1                              00000003
CHS2                              00000004
CHS3                              00000005
MPASM 5.84                          MAIN.ASM   8-7-2020  16:32:08         PAGE 10


SYMBOL TABLE
  LABEL                             VALUE 

CKE                               00000006
CKP                               00000004
CM1CON0                           00000107
CM2CON0                           00000108
CM2CON1                           00000109
CONF                              00000000
CONTADOR1                         00000003
CONTADOR2                         00000004
CREN                              00000004
CSRC                              00000007
D                                 00000005
DATA_ADDRESS                      00000005
DC                                00000001
DC1B0                             00000004
DC1B1                             00000005
DC2B0                             00000004
DC2B1                             00000005
DEC_SUM1                          0000002F
DEC_SUM2                          00000035
DELAY_MED                         0000003B
DELAY_SMALL                       00000041
D_A                               00000005
D_NOT_A                           00000005
ECCPAS                            0000009C
ECCPAS0                           00000004
ECCPAS1                           00000005
ECCPAS2                           00000006
ECCPASE                           00000007
EEADR                             0000010D
EEADRH                            0000010F
EECON1                            0000018C
EECON2                            0000018D
EEDAT                             0000010C
EEDATA                            0000010C
EEDATH                            0000010E
EEIE                              00000004
EEIF                              00000004
EEPGD                             00000007
F                                 00000001
FERR                              00000002
FLAGS                             00000005
FSR                               00000004
FVREN                             00000000
GCEN                              00000007
GIE                               00000007
GO                                00000001
GO_DONE                           00000001
GO_NOT_DONE                       00000001
HTS                               00000002
I2C_DATA                          00000005
I2C_READ                          00000002
I2C_START                         00000003
I2C_STOP                          00000004
MPASM 5.84                          MAIN.ASM   8-7-2020  16:32:08         PAGE 11


SYMBOL TABLE
  LABEL                             VALUE 

INC_SUM1                          00000025
INC_SUM2                          0000002A
INDF                              00000000
INTCON                            0000000B
INTE                              00000004
INTEDG                            00000006
INTF                              00000001
IOCB                              00000096
IOCB0                             00000000
IOCB1                             00000001
IOCB2                             00000002
IOCB3                             00000003
IOCB4                             00000004
IOCB5                             00000005
IOCB6                             00000006
IOCB7                             00000007
IRCF0                             00000004
IRCF1                             00000005
IRCF2                             00000006
IRP                               00000007
LOOP                              0000000F
LOOP_DELAY                        0000003D
LTS                               00000001
MC1OUT                            00000007
MC2OUT                            00000006
MSK                               00000093
MSK0                              00000000
MSK1                              00000001
MSK2                              00000002
MSK3                              00000003
MSK4                              00000004
MSK5                              00000005
MSK6                              00000006
MSK7                              00000007
NOT_A                             00000005
NOT_ADDRESS                       00000005
NOT_BO                            00000000
NOT_BOR                           00000000
NOT_DONE                          00000001
NOT_PD                            00000003
NOT_POR                           00000001
NOT_RBPU                          00000007
NOT_RC8                           00000006
NOT_T1SYNC                        00000002
NOT_TO                            00000004
NOT_TX8                           00000006
NOT_W                             00000002
NOT_WRITE                         00000002
OERR                              00000001
OPTION_REG                        00000081
OSCCON                            0000008F
OSCTUNE                           00000090
OSFIE                             00000007
MPASM 5.84                          MAIN.ASM   8-7-2020  16:32:08         PAGE 12


SYMBOL TABLE
  LABEL                             VALUE 

OSFIF                             00000007
OSTS                              00000003
P                                 00000004
P1M0                              00000006
P1M1                              00000007
PCL                               00000002
PCLATH                            0000000A
PCON                              0000008E
PDC0                              00000000
PDC1                              00000001
PDC2                              00000002
PDC3                              00000003
PDC4                              00000004
PDC5                              00000005
PDC6                              00000006
PEIE                              00000006
PEN                               00000002
PIE1                              0000008C
PIE2                              0000008D
PIR1                              0000000C
PIR2                              0000000D
PORTA                             00000005
PORTB                             00000006
PORTC                             00000007
PORTD                             00000008
PORTE                             00000009
PR2                               00000092
PRSEN                             00000007
PS0                               00000000
PS1                               00000001
PS2                               00000002
PSA                               00000003
PSSAC0                            00000002
PSSAC1                            00000003
PSSBD0                            00000000
PSSBD1                            00000001
PSTRCON                           0000009D
PULSR                             00000002
PULSS                             00000003
PWM1CON                           0000009B
R                                 00000002
RA0                               00000000
RA1                               00000001
RA2                               00000002
RA3                               00000003
RA4                               00000004
RA5                               00000005
RA6                               00000006
RA7                               00000007
RB0                               00000000
RB1                               00000001
RB2                               00000002
RB3                               00000003
MPASM 5.84                          MAIN.ASM   8-7-2020  16:32:08         PAGE 13


SYMBOL TABLE
  LABEL                             VALUE 

RB4                               00000004
RB5                               00000005
RB6                               00000006
RB7                               00000007
RBIE                              00000003
RBIF                              00000000
RC0                               00000000
RC1                               00000001
RC2                               00000002
RC3                               00000003
RC4                               00000004
RC5                               00000005
RC6                               00000006
RC7                               00000007
RC8_9                             00000006
RC9                               00000006
RCD8                              00000000
RCEN                              00000003
RCIDL                             00000006
RCIE                              00000005
RCIF                              00000005
RCREG                             0000001A
RCSTA                             00000018
RD                                00000000
RD0                               00000000
RD1                               00000001
RD2                               00000002
RD3                               00000003
RD4                               00000004
RD5                               00000005
RD6                               00000006
RD7                               00000007
RE0                               00000000
RE1                               00000001
RE2                               00000002
RE3                               00000003
READ_WRITE                        00000002
RESULTADO                         00000002
RP0                               00000005
RP1                               00000006
RSEN                              00000001
RX9                               00000006
RX9D                              00000000
R_NOT_W                           00000002
R_W                               00000002
S                                 00000003
SBOREN                            00000004
SCKP                              00000004
SCS                               00000000
SEN                               00000000
SENDB                             00000003
SMP                               00000007
SPBRG                             00000099
MPASM 5.84                          MAIN.ASM   8-7-2020  16:32:08         PAGE 14


SYMBOL TABLE
  LABEL                             VALUE 

SPBRGH                            0000009A
SPEN                              00000007
SR0                               00000006
SR1                               00000007
SRCON                             00000185
SREN                              00000005
SSPADD                            00000093
SSPBUF                            00000013
SSPCON                            00000014
SSPCON2                           00000091
SSPEN                             00000005
SSPIE                             00000003
SSPIF                             00000003
SSPM0                             00000000
SSPM1                             00000001
SSPM2                             00000002
SSPM3                             00000003
SSPMSK                            00000093
SSPOV                             00000006
SSPSTAT                           00000094
START                             00000000
STATUS                            00000003
STRA                              00000000
STRB                              00000001
STRC                              00000002
STRD                              00000003
STRSYNC                           00000004
SUMANDO1                          00000000
SUMANDO2                          00000001
SUM_VARS                          00000020
SWDTEN                            00000000
SYNC                              00000004
T0CS                              00000005
T0IE                              00000005
T0IF                              00000002
T0SE                              00000004
T1CKPS0                           00000004
T1CKPS1                           00000005
T1CON                             00000010
T1GINV                            00000007
T1GIV                             00000007
T1GSS                             00000001
T1INSYNC                          00000002
T1OSCEN                           00000003
T1SYNC                            00000002
T2CKPS0                           00000000
T2CKPS1                           00000001
T2CON                             00000012
TMR0                              00000001
TMR0IE                            00000005
TMR0IF                            00000002
TMR1                              0000000E
TMR1CS                            00000001
MPASM 5.84                          MAIN.ASM   8-7-2020  16:32:08         PAGE 15


SYMBOL TABLE
  LABEL                             VALUE 

TMR1GE                            00000006
TMR1H                             0000000F
TMR1IE                            00000000
TMR1IF                            00000000
TMR1L                             0000000E
TMR1ON                            00000000
TMR2                              00000011
TMR2IE                            00000001
TMR2IF                            00000001
TMR2ON                            00000002
TOUTPS0                           00000003
TOUTPS1                           00000004
TOUTPS2                           00000005
TOUTPS3                           00000006
TRISA                             00000085
TRISA0                            00000000
TRISA1                            00000001
TRISA2                            00000002
TRISA3                            00000003
TRISA4                            00000004
TRISA5                            00000005
TRISA6                            00000006
TRISA7                            00000007
TRISB                             00000086
TRISB0                            00000000
TRISB1                            00000001
TRISB2                            00000002
TRISB3                            00000003
TRISB4                            00000004
TRISB5                            00000005
TRISB6                            00000006
TRISB7                            00000007
TRISC                             00000087
TRISC0                            00000000
TRISC1                            00000001
TRISC2                            00000002
TRISC3                            00000003
TRISC4                            00000004
TRISC5                            00000005
TRISC6                            00000006
TRISC7                            00000007
TRISD                             00000088
TRISD0                            00000000
TRISD1                            00000001
TRISD2                            00000002
TRISD3                            00000003
TRISD4                            00000004
TRISD5                            00000005
TRISD6                            00000006
TRISD7                            00000007
TRISE                             00000089
TRISE0                            00000000
TRISE1                            00000001
MPASM 5.84                          MAIN.ASM   8-7-2020  16:32:08         PAGE 16


SYMBOL TABLE
  LABEL                             VALUE 

TRISE2                            00000002
TRISE3                            00000003
TRMT                              00000001
TUN0                              00000000
TUN1                              00000001
TUN2                              00000002
TUN3                              00000003
TUN4                              00000004
TX8_9                             00000006
TX9                               00000006
TX9D                              00000000
TXD8                              00000000
TXEN                              00000005
TXIE                              00000004
TXIF                              00000004
TXREG                             00000019
TXSTA                             00000098
UA                                00000001
ULPWUE                            00000005
ULPWUIE                           00000002
ULPWUIF                           00000002
VCFG0                             00000004
VCFG1                             00000005
VR0                               00000000
VR1                               00000001
VR2                               00000002
VR3                               00000003
VRCON                             00000097
VREN                              00000007
VROE                              00000006
VRR                               00000005
VRSS                              00000004
W                                 00000000
WCOL                              00000007
WDTCON                            00000105
WDTPS0                            00000001
WDTPS1                            00000002
WDTPS2                            00000003
WDTPS3                            00000004
WPUB                              00000095
WPUB0                             00000000
WPUB1                             00000001
WPUB2                             00000002
WPUB3                             00000003
WPUB4                             00000004
WPUB5                             00000005
WPUB6                             00000006
WPUB7                             00000007
WR                                00000001
WREN                              00000002
WRERR                             00000003
WUE                               00000001
Z                                 00000002
MPASM 5.84                          MAIN.ASM   8-7-2020  16:32:08         PAGE 17


SYMBOL TABLE
  LABEL                             VALUE 

_BOR21V                           00003EFF
_BOR40V                           00003FFF
_BOR4V_BOR21V                     00003EFF
_BOR4V_BOR40V                     00003FFF
_BOREN_NSLEEP                     00003EFF
_BOREN_OFF                        00003CFF
_BOREN_ON                         00003FFF
_BOREN_SBODEN                     00003DFF
_BOR_NSLEEP                       00003EFF
_BOR_OFF                          00003CFF
_BOR_ON                           00003FFF
_BOR_SBODEN                       00003DFF
_CONFIG1                          00002007
_CONFIG2                          00002008
_CPD_OFF                          00003FFF
_CPD_ON                           00003F7F
_CP_OFF                           00003FFF
_CP_ON                            00003FBF
_DEBUG_OFF                        00003FFF
_DEBUG_ON                         00001FFF
_DEVID1                           00002006
_EC_OSC                           00003FFB
_EXTRC                            00003FFF
_EXTRCIO                          00003FFE
_EXTRC_OSC_CLKOUT                 00003FFF
_EXTRC_OSC_NOCLKOUT               00003FFE
_FCMEN_OFF                        000037FF
_FCMEN_ON                         00003FFF
_FOSC_EC                          00003FFB
_FOSC_EXTRC_CLKOUT                00003FFF
_FOSC_EXTRC_NOCLKOUT              00003FFE
_FOSC_HS                          00003FFA
_FOSC_INTRC_CLKOUT                00003FFD
_FOSC_INTRC_NOCLKOUT              00003FFC
_FOSC_LP                          00003FF8
_FOSC_XT                          00003FF9
_HS_OSC                           00003FFA
_IDLOC0                           00002000
_IDLOC1                           00002001
_IDLOC2                           00002002
_IDLOC3                           00002003
_IESO_OFF                         00003BFF
_IESO_ON                          00003FFF
_INTOSC                           00003FFD
_INTOSCIO                         00003FFC
_INTRC_OSC_CLKOUT                 00003FFD
_INTRC_OSC_NOCLKOUT               00003FFC
_LP_OSC                           00003FF8
_LVP_OFF                          00002FFF
_LVP_ON                           00003FFF
_MAIN_PROG_0044                   00000044
_MCLRE_OFF                        00003FDF
_MCLRE_ON                         00003FFF
MPASM 5.84                          MAIN.ASM   8-7-2020  16:32:08         PAGE 18


SYMBOL TABLE
  LABEL                             VALUE 

_PWRTE_OFF                        00003FFF
_PWRTE_ON                         00003FEF
_WDTE_OFF                         00003FF7
_WDTE_ON                          00003FFF
_WDT_OFF                          00003FF7
_WDT_ON                           00003FFF
_WRT_1FOURTH                      00003BFF
_WRT_256                          00003DFF
_WRT_HALF                         000039FF
_WRT_OFF                          00003FFF
_XT_OSC                           00003FF9
__16F887                          00000001

Errors   :     0
Warnings :    14 reported,     0 suppressed
Messages :     6 reported,     0 suppressed

