MPASM 5.84                          MAIN.ASM   9-4-2020  16:05:09         PAGE  1


LOC  OBJECT CODE     LINE SOURCE TEXT
  VALUE

                      00001 ; TODO INSERT CONFIG CODE HERE USING CONFIG BITS GENERATOR
                      00002 ; ANGEL EDGARDO ORELLANA SUTUC
                      00003 ; LABORATORIO NUMERO 5 PROGRAMACION DE MICROCONTROLADORES 
                      00004 ;UNIVERSIDAD DEL VALLE DE GUATEMALA
                      00005     ; PIC16F887 Configuration Bit Settings
                      00006 
                      00007 ; Assembly source line config statements
                      00008 
                      00009 #include "p16f887.inc"
                      00001         LIST
                      00002 
                      00003 ;==========================================================================
                      00004 ; Build date : Mar 17 2019
                      00005 ;  MPASM PIC16F887 processor include
                      00006 ; 
                      00007 ;  (c) Copyright 1999-2019 Microchip Technology, All rights reserved
                      00008 ;==========================================================================
                      00009 
                      00810         LIST
                      00010 
                      00011 ; CONFIG1
                      00012 ; __config 0xE0D4
2007   20D4           00013  __CONFIG _CONFIG1, _FOSC_INTRC_NOCLKOUT & _WDTE_OFF & _PWRTE_OFF & _MCLRE_OFF & _CP_OFF & _CPD_OFF & _B
                            OREN_OFF & _IESO_OFF & _FCMEN_OFF & _LVP_OFF
                      00014 ; CONFIG2
                      00015 ; __config 0xFFFF
2008   3FFF           00016  __CONFIG _CONFIG2, _BOR4V_BOR40V & _WRT_OFF
                      00017  
                      00018  ;VARIABLES
Warning[205]: Found directive in column 1. (CBLOCK)
                      00019 CBLOCK H'20'
  00000020            00020  BCD ;USADA PARA CONTAR 1 SEGUNDO CON EL TM1
  00000021            00021  BCD_TEMP ;USADA PARA VERIFICAR QUE LA CODIFICACION BCD SIEMPRE SE CUMPLA
  00000022            00022  CONTADORTMR1 ;USADA PARA REGISTRAR EL CONTADOR DEL TMR1
  00000023            00023  CONTADORTMR2 ;USADA PARA REGISTRAR LAS CUENTAS DEL TMR2
  00000024            00024  WRAM ;VARIABLE PARA GUARDAR EL ESTADO DE W
  00000025            00025  STATUSRAM
  00000026            00026  FLAGS; BANDERAS PARA SELECCIONAR EL DISPLAY Y LA INTERMITENCIA DE LOS LEDS, BITS 0 Y 1 PARA 
                      00027  ;SELECTOR DE 7 SEGMENTOS Y BITS 2 Y 3 PARA LEDS INTERMINTENTES 
  00000027            00028  FLAGS_TEMP
Warning[205]: Found directive in column 1. (ENDC)
                      00029 ENDC
                      00030 
                      00031 RES_VECT  CODE    0x0000            ; processor reset vector
0000   2???           00032     GOTO    START                   ; go to beginning of program
                      00033 
                      00034 ; TODO ADD INTERRUPTS HERE IF USED
                      00035 INTER CODE 0x0004
                      00036  
Warning[207]: Found label after column 1. (SAVE)
0004                  00037  SAVE:
0004   00A4           00038     MOVWF WRAM
0005   0E03           00039     SWAPF   STATUS,W
MPASM 5.84                          MAIN.ASM   9-4-2020  16:05:09         PAGE  2


LOC  OBJECT CODE     LINE SOURCE TEXT
  VALUE

0006   00A5           00040     MOVWF   STATUSRAM
Warning[207]: Found label after column 1. (INT_TMR1)
0007                  00041  INT_TMR1: ;INTERRUPCION DEL TIMER 1
0007   1C0C           00042     BTFSS   PIR1,0 ;SI LA INTERRUPCION ES DEL TIMER 1 ESTE BIT ESTARA EN 1
0008   2???           00043     GOTO    INT_TMR0
                      00044     
0009   100C           00045     BCF PIR1,0 ;SE LIMPIA EL FLAG DEL TMR1
                      00046     ;MOVLW B'00001011'
                      00047     ;MOVWF   TMR1H
                      00048     ;MOVLW  B'11011000'; SE COLOCA EN EL TMR1 EL VALOR 3036 PARA QUE ESTE CUENTE 62500 ANTES DE
                      00049     ;MOVWF   TMR1L   ;QUE SUCEDA LA INTERRUPCION DEL TMR1
                      00050     
                      00051  ;  DECF    CONTADORTMR1 ;SE DECREMENTA EL CONTADOR DEL TMR1
                      00052   ; BTFSS   STATUS,2  ;SI EL BIT 2 (Z) DEL REGISTRO STATUS ESTA EN 1 (LA OPERACION ANTERIOR DIO 0)
                      00053                  ;INCREMENTA EL CONTADOR DE SEGUNDOS             
                      00054    ; GOTO    INT_TMR0 ;VA A LA INTERUPCION DEL TMR2 SI LA OPERACION NO DA 0
                      00055     
                      00056     
                      00057     ;SI SE CONTARON 2 VECES CON EL TMR1 (1S)
                      00058     ;MOVLW   .4
                      00059     ;MOVWF   CONTADORTMR1
000A   0AA0           00060     INCF    BCD,F ;SE SUMA 1
                      00061     
                      00062   
                      00063     
000B   300B           00064     MOVLW B'00001011'
000C   008F           00065     MOVWF   TMR1H
000D   30D8           00066     MOVLW  B'11011000'; SE COLOCA EN EL TMR1 EL VALOR 3036 PARA QUE ESTE CUENTE 62500 ANTES DE
000E   008E           00067     MOVWF   TMR1L   ;QUE SUCEDA LA INTERRUPCION DEL TMR1
                      00068     
                      00069     
000F                  00070 INT_TMR0:
000F   1D0B           00071     BTFSS   INTCON,2 ;FLAG DEL TMR0 ACTIVA
0010   2???           00072     GOTO INT_TMR2
                      00073     ;SI EL FLAG DE LA INTERRUPCION ESTA ACTIVA
                      00074    
0011   110B           00075     BCF INTCON,2
                      00076    
0012   30FC           00077     MOVLW   B'11111100'
0013   0526           00078     ANDWF   FLAGS,W ;SE CONSERVAN TODOS LOS BITS MENOS LOS PRIMEROS 2
0014   00A7           00079     MOVWF   FLAGS_TEMP
                      00080     
0015   09A6           00081     COMF    FLAGS,F
0016   3003           00082     MOVLW   B'00000011'
0017   0526           00083     ANDWF   FLAGS,W
0018   0727           00084     ADDWF   FLAGS_TEMP,W ;SE SUMAN LAS VARIABLES PARA UNIR LOS VALORES DE AMBOS BITS
0019   00A6           00085     MOVWF  FLAGS
001A   1626           00086      BSF        FLAGS,4 ;INDICA QUE HAY QUE ACTUALIZAR EL PUERTO D
001B   30C1           00087     MOVLW   .193
001C   0081           00088     MOVWF   TMR0
                      00089     
                      00090 
001D                  00091 INT_TMR2: ;INTERRUPCION DEL TIMER 2
MPASM 5.84                          MAIN.ASM   9-4-2020  16:05:09         PAGE  3


LOC  OBJECT CODE     LINE SOURCE TEXT
  VALUE

001D   1C8C           00092     BTFSS   PIR1,1 ;ESTE BIT ESTARA EN 1 SI LA INTERRUPCION DEL TIMER 2 ESTA ACTIVA
001E   2???           00093     GOTO    LOAD
                      00094     
001F   108C           00095     BCF PIR1,1 ;SE COLOCA EN 0 EL FLAG DEL TMR2
0020   03A3           00096     DECF    CONTADORTMR2,F
0021   1D03           00097     BTFSS   STATUS,2 ;SI DA 0 SALTA LA INSTRUCCION
0022   2???           00098     GOTO    LOAD
                      00099     
0023   300D           00100     MOVLW   .13
0024   00A3           00101     MOVWF   CONTADORTMR2
0025   0826           00102     MOVFW   FLAGS
0026   39F3           00103     ANDLW   B'11110011' ;SE CONSERVAN TODOS MENOS LOS BITS 2 Y 3
0027   00A7           00104     MOVWF   FLAGS_TEMP ;SE GUARDA EL ESTADO DE FLAGS
0028   0926           00105     COMF    FLAGS,W ;SE HACE COMPLEMENTO A FLAGS
0029   390C           00106     ANDLW   B'00001100' ;SE CONSERVAN LOS BITS 2 Y 3 DEL COMPLEMENTO
002A   0727           00107     ADDWF   FLAGS_TEMP,W ;SE UNEN AMBOS REGISTROS
002B   00A6           00108     MOVWF   FLAGS
002C   1626           00109     BSF FLAGS,4 ;SE DEBE ACTUALIZAR EL PUERO D
                      00110     
002D                  00111 LOAD:
002D   0E25           00112     SWAPF STATUSRAM,W
002E   0083           00113     MOVWF   STATUS
002F   0EA4           00114     SWAPF   WRAM,F
0030   0E24           00115     SWAPF   WRAM,W
0031   0009           00116     RETFIE
                      00117 
                      00118     
                      00119 MAIN_PROG CODE                      ; let linker place main program
0000                  00120 START   ;CONFIGURACION DEL PIC
0000   1683           00121     BSF STATUS,5
0001   1703           00122     BSF STATUS,6
Message[302]: Register in operand not in bank 0.  Ensure that bank bits are correct.
0002   0188           00123     CLRF    ANSEL
Message[302]: Register in operand not in bank 0.  Ensure that bank bits are correct.
0003   0189           00124     CLRF    ANSELH
                      00125     
0004   1683           00126     BSF STATUS,5
0005   1303           00127     BCF STATUS,6;BANCO 1
                      00128     
Message[302]: Register in operand not in bank 0.  Ensure that bank bits are correct.
0006   0185           00129     CLRF    TRISA;SALIDA DE PRUEBAS
Message[302]: Register in operand not in bank 0.  Ensure that bank bits are correct.
0007   0187           00130     CLRF    TRISC ; SALIDA PARA EL DISPLAY
Message[302]: Register in operand not in bank 0.  Ensure that bank bits are correct.
0008   0188           00131     CLRF    TRISD   ;SALIDA PARA SWITCHEO DE DISPLAY Y LEDS PARPADEANTES
                      00132     
Message[302]: Register in operand not in bank 0.  Ensure that bank bits are correct.
0009   170F           00133     BSF OSCCON,6
Message[302]: Register in operand not in bank 0.  Ensure that bank bits are correct.
000A   128F           00134     BCF OSCCON,5
Message[302]: Register in operand not in bank 0.  Ensure that bank bits are correct.
000B   160F           00135     BSF OSCCON,4
                      00136     
MPASM 5.84                          MAIN.ASM   9-4-2020  16:05:09         PAGE  4


LOC  OBJECT CODE     LINE SOURCE TEXT
  VALUE

000C   30D3           00137     MOVLW B'11010011' ;SE ASIGNA AL TMR0 EL PRESCALER, SE CONFIGURA QUE FUNCIONE CON EL 
Message[302]: Register in operand not in bank 0.  Ensure that bank bits are correct.
000D   0081           00138     MOVWF   OPTION_REG; OSCILADOR INTERNO, EL PRESCALER SE COLOCA EN 1:16
                      00139     
000E   307D           00140     MOVLW   .125 ;CUANDO EL TMR2 CUENTE 125*16 CICLOS EL COMPARADOR ENTRE TMR2 Y PR2 MARCARA  
Message[302]: Register in operand not in bank 0.  Ensure that bank bits are correct.
000F   0092           00141     MOVWF   PR2;UN 1 INCREMENTANDO EL POST SCALER
                      00142     
0010   30E0           00143     MOVLW B'11100000' ;SE HABILITAN LAS INTERRUPCIONES PERIFERICAS Y GLOBALES, SE ACTIVA LA
0011   008B           00144     MOVWF   INTCON ;INTERRUPCION DEL TMR0 QUE SUCEDERA CADA 2 MS
                      00145     
0012   3003           00146     MOVLW   B'00000011' ;SE ACTIVAN LAS INTERRUPCIONES DEL TMR1 Y TMR2
Message[302]: Register in operand not in bank 0.  Ensure that bank bits are correct.
0013   008C           00147     MOVWF   PIE1 
                      00148     
0014   1283           00149     BCF STATUS,5 ;SELECCIONAR BANCO 0
                      00150     
0015   3031           00151     MOVLW   B'00110001';SE DESACTIVA EL MODO GATE TIMER, LP SE APAGA, SE SELECCIONA UNA FUENTE 
0016   0090           00152     MOVWF   T1CON;DE RELOJ INTERNA, CON UN PRESCALER DE 1:8 Y SE ENCIENDE EL TMR1
                      00153     
0017   3027           00154     MOVLW   B'0100111' ;EL TMR 2 CONTARA CADA 2 MS CON UN POSTCALER DE 1:5 CON LO QUE LA INTERRUPCION
0018   0092           00155     MOVWF   T2CON ; SE ACTIVARA CADA 10MS
                      00156     
0019   30C1           00157     MOVLW   .193
001A   0081           00158     MOVWF   TMR0 ;CONFIGURADO PARA QUE CUENTE 125 VECES ANTES DE EJECUTAR LA INTERRUPCION
                      00159     
001B   300B           00160     MOVLW B'00001011'
001C   008F           00161     MOVWF   TMR1H
001D   30DC           00162     MOVLW   B'11011100'; SE COLOCA EN EL TMR1 EL VALOR 3036 PARA QUE ESTE CUENTE 62500 ANTES DE
001E   008E           00163     MOVWF   TMR1L   ;QUE SUCEDA LA INTERRUPCION DEL TMR1
                      00164     
                      00165     ;MOVLW   .4
                      00166     ;MOVWF   CONTADORTMR1
                      00167     
001F   300D           00168     MOVLW   .13
0020   00A3           00169     MOVWF   CONTADORTMR2
                      00170     
                      00171     
0021   01A0           00172     CLRF    BCD
0022   300D           00173     MOVLW B'1101'
0023   00A6           00174     MOVWF    FLAGS
0024   300D           00175     MOVLW B'1101'
0025   00A7           00176     MOVWF    FLAGS_TEMP
0026                  00177 LOOP:
0026   2???           00178     CALL    CORREGIR_BCD
                      00179    
                      00180     
0027   1E26           00181     BTFSS   FLAGS,4 
0028   2???           00182     GOTO    LOOP
                      00183     
0029   1226           00184     BCF FLAGS,4
002A   0188           00185     CLRF    PORTD
002B   2???           00186     CALL    TABLA
MPASM 5.84                          MAIN.ASM   9-4-2020  16:05:09         PAGE  5


LOC  OBJECT CODE     LINE SOURCE TEXT
  VALUE

002C   0087           00187     MOVWF  PORTC
002D   0826           00188     MOVF   FLAGS,W
002E   0088           00189     MOVWF PORTD
                      00190     
002F   2???           00191     GOTO LOOP
                      00192     
0030                  00193 TABLA:
0030   0820           00194     MOVFW   BCD
0031   1C26           00195     BTFSS FLAGS,0 ; SI ESTA EN CERO SE USAN LOS BITS MENOS SIGNIFICATIVOS SI ESTA EN 1 LO CONTRARIO
0032   0E20           00196     SWAPF BCD,W
0033   390F           00197     ANDLW B'00001111' ;CONSERVAMOS SOLO EL NIBBLE INFERIOR DEL DATO GUARDADO EN W
0034   0782           00198     ADDWF   PCL,F
0035   3477           00199     RETLW B'01110111'  ; 0  EN EL DISPLAY
0036   3441           00200     RETLW B'01000001' ;1
0037   343B           00201     RETLW B'00111011' ;2
0038   346B           00202     RETLW B'01101011';3
0039   344D           00203     RETLW B'01001101';4
003A   346E           00204     RETLW   B'01101110' ;5
003B   347E           00205     RETLW B'01111110' ;6
003C   3443           00206     RETLW   B'01000011' ;7
003D   347F           00207     RETLW   B'01111111';8
003E   346F           00208     RETLW   B'01101111';9
                      00209     
                      00210 
003F                  00211 CORREGIR_BCD:
003F   0820           00212      MOVFW   BCD
0040   390F           00213     ANDLW   B'00001111' ; SE CONSERVAN LOS 4 BITS MENOS SIGNIFICATIVOS
0041   00A1           00214     MOVWF   BCD_TEMP
                      00215     
0042   300A           00216     MOVLW   .10
0043   0221           00217     SUBWF   BCD_TEMP,W
0044   1D03           00218     BTFSS        STATUS,2 ;SI EL BIT Z ES 1 SE SALTA LA INSTRUCCION
0045   0008           00219     RETURN ;SE VA A LA INTERRUPCION DEL TIMER 2 SI LA OPERACION NO DA 0
                      00220 
0046                  00221 SUMA_10:
                      00222     ;SI BCDL ES IGUAL A 10
0046   3006           00223      MOVLW .6 ;SE LE SUMA 6 AL CONTADOR
0047   07A0           00224      ADDWF  BCD,F
                      00225      
                      00226     ;QUE NO SE PASE DE 59 EN BCD
0048   30A0           00227     MOVLW   B'10100000' ;VALOR NO VALIDO EN BCD
0049   0220           00228     SUBWF   BCD,W
004A   1903           00229     BTFSC        STATUS,Z ; SI LA OPERACION ANTERIOR DA 0 SE ACTIVA EL BIT Z
004B   01A0           00230     CLRF    BCD ; SE REINICIA EL BCD
004C   0008           00231     RETURN
20D4 3FFF             00232     END
MPASM 5.84                          MAIN.ASM   9-4-2020  16:05:09         PAGE  6


SYMBOL TABLE
  LABEL                             VALUE 

ABDEN                             00000000
ABDOVF                            00000007
ACKDT                             00000005
ACKEN                             00000004
ACKSTAT                           00000006
ADCON0                            0000001F
ADCON1                            0000009F
ADCS0                             00000006
ADCS1                             00000007
ADDEN                             00000003
ADFM                              00000007
ADIE                              00000006
ADIF                              00000006
ADON                              00000000
ADRESH                            0000001E
ADRESL                            0000009E
ANS0                              00000000
ANS1                              00000001
ANS10                             00000002
ANS11                             00000003
ANS12                             00000004
ANS13                             00000005
ANS2                              00000002
ANS3                              00000003
ANS4                              00000004
ANS5                              00000005
ANS6                              00000006
ANS7                              00000007
ANS8                              00000000
ANS9                              00000001
ANSEL                             00000188
ANSELH                            00000189
BAUDCTL                           00000187
BCD                               00000020
BCD_TEMP                          00000021
BCLIE                             00000003
BCLIF                             00000003
BF                                00000000
BRG0                              00000000
BRG1                              00000001
BRG10                             00000002
BRG11                             00000003
BRG12                             00000004
BRG13                             00000005
BRG14                             00000006
BRG15                             00000007
BRG16                             00000003
BRG2                              00000002
BRG3                              00000003
BRG4                              00000004
BRG5                              00000005
BRG6                              00000006
BRG7                              00000007
MPASM 5.84                          MAIN.ASM   9-4-2020  16:05:09         PAGE  7


SYMBOL TABLE
  LABEL                             VALUE 

BRG8                              00000000
BRG9                              00000001
BRGH                              00000002
C                                 00000000
C1CH0                             00000000
C1CH1                             00000001
C1IE                              00000005
C1IF                              00000005
C1OE                              00000005
C1ON                              00000007
C1OUT                             00000006
C1POL                             00000004
C1R                               00000002
C1RSEL                            00000005
C1SEN                             00000005
C2CH0                             00000000
C2CH1                             00000001
C2IE                              00000006
C2IF                              00000006
C2OE                              00000005
C2ON                              00000007
C2OUT                             00000006
C2POL                             00000004
C2R                               00000002
C2REN                             00000004
C2RSEL                            00000004
C2SYNC                            00000000
CCP1CON                           00000017
CCP1IE                            00000002
CCP1IF                            00000002
CCP1M0                            00000000
CCP1M1                            00000001
CCP1M2                            00000002
CCP1M3                            00000003
CCP1X                             00000005
CCP1Y                             00000004
CCP2CON                           0000001D
CCP2IE                            00000000
CCP2IF                            00000000
CCP2M0                            00000000
CCP2M1                            00000001
CCP2M2                            00000002
CCP2M3                            00000003
CCP2X                             00000005
CCP2Y                             00000004
CCPR1                             00000015
CCPR1H                            00000016
CCPR1L                            00000015
CCPR2                             0000001B
CCPR2H                            0000001C
CCPR2L                            0000001B
CHS0                              00000002
CHS1                              00000003
MPASM 5.84                          MAIN.ASM   9-4-2020  16:05:09         PAGE  8


SYMBOL TABLE
  LABEL                             VALUE 

CHS2                              00000004
CHS3                              00000005
CKE                               00000006
CKP                               00000004
CM1CON0                           00000107
CM2CON0                           00000108
CM2CON1                           00000109
CONTADORTMR1                      00000022
CONTADORTMR2                      00000023
CORREGIR_BCD                      0000003F
CREN                              00000004
CSRC                              00000007
D                                 00000005
DATA_ADDRESS                      00000005
DC                                00000001
DC1B0                             00000004
DC1B1                             00000005
DC2B0                             00000004
DC2B1                             00000005
D_A                               00000005
D_NOT_A                           00000005
ECCPAS                            0000009C
ECCPAS0                           00000004
ECCPAS1                           00000005
ECCPAS2                           00000006
ECCPASE                           00000007
EEADR                             0000010D
EEADRH                            0000010F
EECON1                            0000018C
EECON2                            0000018D
EEDAT                             0000010C
EEDATA                            0000010C
EEDATH                            0000010E
EEIE                              00000004
EEIF                              00000004
EEPGD                             00000007
F                                 00000001
FERR                              00000002
FLAGS                             00000026
FLAGS_TEMP                        00000027
FSR                               00000004
FVREN                             00000000
GCEN                              00000007
GIE                               00000007
GO                                00000001
GO_DONE                           00000001
GO_NOT_DONE                       00000001
HTS                               00000002
I2C_DATA                          00000005
I2C_READ                          00000002
I2C_START                         00000003
I2C_STOP                          00000004
INDF                              00000000
MPASM 5.84                          MAIN.ASM   9-4-2020  16:05:09         PAGE  9


SYMBOL TABLE
  LABEL                             VALUE 

INTCON                            0000000B
INTE                              00000004
INTEDG                            00000006
INTF                              00000001
INT_TMR0                          0000000F
INT_TMR1                          00000007
INT_TMR2                          0000001D
IOCB                              00000096
IOCB0                             00000000
IOCB1                             00000001
IOCB2                             00000002
IOCB3                             00000003
IOCB4                             00000004
IOCB5                             00000005
IOCB6                             00000006
IOCB7                             00000007
IRCF0                             00000004
IRCF1                             00000005
IRCF2                             00000006
IRP                               00000007
LOAD                              0000002D
LOOP                              00000026
LTS                               00000001
MC1OUT                            00000007
MC2OUT                            00000006
MSK                               00000093
MSK0                              00000000
MSK1                              00000001
MSK2                              00000002
MSK3                              00000003
MSK4                              00000004
MSK5                              00000005
MSK6                              00000006
MSK7                              00000007
NOT_A                             00000005
NOT_ADDRESS                       00000005
NOT_BO                            00000000
NOT_BOR                           00000000
NOT_DONE                          00000001
NOT_PD                            00000003
NOT_POR                           00000001
NOT_RBPU                          00000007
NOT_RC8                           00000006
NOT_T1SYNC                        00000002
NOT_TO                            00000004
NOT_TX8                           00000006
NOT_W                             00000002
NOT_WRITE                         00000002
OERR                              00000001
OPTION_REG                        00000081
OSCCON                            0000008F
OSCTUNE                           00000090
OSFIE                             00000007
MPASM 5.84                          MAIN.ASM   9-4-2020  16:05:09         PAGE 10


SYMBOL TABLE
  LABEL                             VALUE 

OSFIF                             00000007
OSTS                              00000003
P                                 00000004
P1M0                              00000006
P1M1                              00000007
PCL                               00000002
PCLATH                            0000000A
PCON                              0000008E
PDC0                              00000000
PDC1                              00000001
PDC2                              00000002
PDC3                              00000003
PDC4                              00000004
PDC5                              00000005
PDC6                              00000006
PEIE                              00000006
PEN                               00000002
PIE1                              0000008C
PIE2                              0000008D
PIR1                              0000000C
PIR2                              0000000D
PORTA                             00000005
PORTB                             00000006
PORTC                             00000007
PORTD                             00000008
PORTE                             00000009
PR2                               00000092
PRSEN                             00000007
PS0                               00000000
PS1                               00000001
PS2                               00000002
PSA                               00000003
PSSAC0                            00000002
PSSAC1                            00000003
PSSBD0                            00000000
PSSBD1                            00000001
PSTRCON                           0000009D
PULSR                             00000002
PULSS                             00000003
PWM1CON                           0000009B
R                                 00000002
RA0                               00000000
RA1                               00000001
RA2                               00000002
RA3                               00000003
RA4                               00000004
RA5                               00000005
RA6                               00000006
RA7                               00000007
RB0                               00000000
RB1                               00000001
RB2                               00000002
RB3                               00000003
MPASM 5.84                          MAIN.ASM   9-4-2020  16:05:09         PAGE 11


SYMBOL TABLE
  LABEL                             VALUE 

RB4                               00000004
RB5                               00000005
RB6                               00000006
RB7                               00000007
RBIE                              00000003
RBIF                              00000000
RC0                               00000000
RC1                               00000001
RC2                               00000002
RC3                               00000003
RC4                               00000004
RC5                               00000005
RC6                               00000006
RC7                               00000007
RC8_9                             00000006
RC9                               00000006
RCD8                              00000000
RCEN                              00000003
RCIDL                             00000006
RCIE                              00000005
RCIF                              00000005
RCREG                             0000001A
RCSTA                             00000018
RD                                00000000
RD0                               00000000
RD1                               00000001
RD2                               00000002
RD3                               00000003
RD4                               00000004
RD5                               00000005
RD6                               00000006
RD7                               00000007
RE0                               00000000
RE1                               00000001
RE2                               00000002
RE3                               00000003
READ_WRITE                        00000002
RP0                               00000005
RP1                               00000006
RSEN                              00000001
RX9                               00000006
RX9D                              00000000
R_NOT_W                           00000002
R_W                               00000002
S                                 00000003
SAVE                              00000004
SBOREN                            00000004
SCKP                              00000004
SCS                               00000000
SEN                               00000000
SENDB                             00000003
SMP                               00000007
SPBRG                             00000099
MPASM 5.84                          MAIN.ASM   9-4-2020  16:05:09         PAGE 12


SYMBOL TABLE
  LABEL                             VALUE 

SPBRGH                            0000009A
SPEN                              00000007
SR0                               00000006
SR1                               00000007
SRCON                             00000185
SREN                              00000005
SSPADD                            00000093
SSPBUF                            00000013
SSPCON                            00000014
SSPCON2                           00000091
SSPEN                             00000005
SSPIE                             00000003
SSPIF                             00000003
SSPM0                             00000000
SSPM1                             00000001
SSPM2                             00000002
SSPM3                             00000003
SSPMSK                            00000093
SSPOV                             00000006
SSPSTAT                           00000094
START                             00000000
STATUS                            00000003
STATUSRAM                         00000025
STRA                              00000000
STRB                              00000001
STRC                              00000002
STRD                              00000003
STRSYNC                           00000004
SUMA_10                           00000046
SWDTEN                            00000000
SYNC                              00000004
T0CS                              00000005
T0IE                              00000005
T0IF                              00000002
T0SE                              00000004
T1CKPS0                           00000004
T1CKPS1                           00000005
T1CON                             00000010
T1GINV                            00000007
T1GIV                             00000007
T1GSS                             00000001
T1INSYNC                          00000002
T1OSCEN                           00000003
T1SYNC                            00000002
T2CKPS0                           00000000
T2CKPS1                           00000001
T2CON                             00000012
TABLA                             00000030
TMR0                              00000001
TMR0IE                            00000005
TMR0IF                            00000002
TMR1                              0000000E
TMR1CS                            00000001
MPASM 5.84                          MAIN.ASM   9-4-2020  16:05:09         PAGE 13


SYMBOL TABLE
  LABEL                             VALUE 

TMR1GE                            00000006
TMR1H                             0000000F
TMR1IE                            00000000
TMR1IF                            00000000
TMR1L                             0000000E
TMR1ON                            00000000
TMR2                              00000011
TMR2IE                            00000001
TMR2IF                            00000001
TMR2ON                            00000002
TOUTPS0                           00000003
TOUTPS1                           00000004
TOUTPS2                           00000005
TOUTPS3                           00000006
TRISA                             00000085
TRISA0                            00000000
TRISA1                            00000001
TRISA2                            00000002
TRISA3                            00000003
TRISA4                            00000004
TRISA5                            00000005
TRISA6                            00000006
TRISA7                            00000007
TRISB                             00000086
TRISB0                            00000000
TRISB1                            00000001
TRISB2                            00000002
TRISB3                            00000003
TRISB4                            00000004
TRISB5                            00000005
TRISB6                            00000006
TRISB7                            00000007
TRISC                             00000087
TRISC0                            00000000
TRISC1                            00000001
TRISC2                            00000002
TRISC3                            00000003
TRISC4                            00000004
TRISC5                            00000005
TRISC6                            00000006
TRISC7                            00000007
TRISD                             00000088
TRISD0                            00000000
TRISD1                            00000001
TRISD2                            00000002
TRISD3                            00000003
TRISD4                            00000004
TRISD5                            00000005
TRISD6                            00000006
TRISD7                            00000007
TRISE                             00000089
TRISE0                            00000000
TRISE1                            00000001
MPASM 5.84                          MAIN.ASM   9-4-2020  16:05:09         PAGE 14


SYMBOL TABLE
  LABEL                             VALUE 

TRISE2                            00000002
TRISE3                            00000003
TRMT                              00000001
TUN0                              00000000
TUN1                              00000001
TUN2                              00000002
TUN3                              00000003
TUN4                              00000004
TX8_9                             00000006
TX9                               00000006
TX9D                              00000000
TXD8                              00000000
TXEN                              00000005
TXIE                              00000004
TXIF                              00000004
TXREG                             00000019
TXSTA                             00000098
UA                                00000001
ULPWUE                            00000005
ULPWUIE                           00000002
ULPWUIF                           00000002
VCFG0                             00000004
VCFG1                             00000005
VR0                               00000000
VR1                               00000001
VR2                               00000002
VR3                               00000003
VRCON                             00000097
VREN                              00000007
VROE                              00000006
VRR                               00000005
VRSS                              00000004
W                                 00000000
WCOL                              00000007
WDTCON                            00000105
WDTPS0                            00000001
WDTPS1                            00000002
WDTPS2                            00000003
WDTPS3                            00000004
WPUB                              00000095
WPUB0                             00000000
WPUB1                             00000001
WPUB2                             00000002
WPUB3                             00000003
WPUB4                             00000004
WPUB5                             00000005
WPUB6                             00000006
WPUB7                             00000007
WR                                00000001
WRAM                              00000024
WREN                              00000002
WRERR                             00000003
WUE                               00000001
MPASM 5.84                          MAIN.ASM   9-4-2020  16:05:09         PAGE 15


SYMBOL TABLE
  LABEL                             VALUE 

Z                                 00000002
_BOR21V                           00003EFF
_BOR40V                           00003FFF
_BOR4V_BOR21V                     00003EFF
_BOR4V_BOR40V                     00003FFF
_BOREN_NSLEEP                     00003EFF
_BOREN_OFF                        00003CFF
_BOREN_ON                         00003FFF
_BOREN_SBODEN                     00003DFF
_BOR_NSLEEP                       00003EFF
_BOR_OFF                          00003CFF
_BOR_ON                           00003FFF
_BOR_SBODEN                       00003DFF
_CONFIG1                          00002007
_CONFIG2                          00002008
_CPD_OFF                          00003FFF
_CPD_ON                           00003F7F
_CP_OFF                           00003FFF
_CP_ON                            00003FBF
_DEBUG_OFF                        00003FFF
_DEBUG_ON                         00001FFF
_DEVID1                           00002006
_EC_OSC                           00003FFB
_EXTRC                            00003FFF
_EXTRCIO                          00003FFE
_EXTRC_OSC_CLKOUT                 00003FFF
_EXTRC_OSC_NOCLKOUT               00003FFE
_FCMEN_OFF                        000037FF
_FCMEN_ON                         00003FFF
_FOSC_EC                          00003FFB
_FOSC_EXTRC_CLKOUT                00003FFF
_FOSC_EXTRC_NOCLKOUT              00003FFE
_FOSC_HS                          00003FFA
_FOSC_INTRC_CLKOUT                00003FFD
_FOSC_INTRC_NOCLKOUT              00003FFC
_FOSC_LP                          00003FF8
_FOSC_XT                          00003FF9
_HS_OSC                           00003FFA
_IDLOC0                           00002000
_IDLOC1                           00002001
_IDLOC2                           00002002
_IDLOC3                           00002003
_IESO_OFF                         00003BFF
_IESO_ON                          00003FFF
_INTOSC                           00003FFD
_INTOSCIO                         00003FFC
_INTRC_OSC_CLKOUT                 00003FFD
_INTRC_OSC_NOCLKOUT               00003FFC
_LP_OSC                           00003FF8
_LVP_OFF                          00002FFF
_LVP_ON                           00003FFF
_MCLRE_OFF                        00003FDF
_MCLRE_ON                         00003FFF
MPASM 5.84                          MAIN.ASM   9-4-2020  16:05:09         PAGE 16


SYMBOL TABLE
  LABEL                             VALUE 

_PWRTE_OFF                        00003FFF
_PWRTE_ON                         00003FEF
_WDTE_OFF                         00003FF7
_WDTE_ON                          00003FFF
_WDT_OFF                          00003FF7
_WDT_ON                           00003FFF
_WRT_1FOURTH                      00003BFF
_WRT_256                          00003DFF
_WRT_HALF                         000039FF
_WRT_OFF                          00003FFF
_XT_OSC                           00003FF9
__16F887                          00000001

Errors   :     0
Warnings :     4 reported,     0 suppressed
Messages :    11 reported,     0 suppressed

