Warning[207] C:\USERS\ANGELORELLANA\ONEDRIVE\ESCRITORIO\UVG\4TOSEMESTRE\PROGRADEMICROS\LABORATORIOS\PROGRAMACIONPIC\PRUEBA.X\NEWPIC_8B_SIMPLE.ASM 43 : Found label after column 1. (ISR_VECT)
Warning[207] C:\USERS\ANGELORELLANA\ONEDRIVE\ESCRITORIO\UVG\4TOSEMESTRE\PROGRADEMICROS\LABORATORIOS\PROGRAMACIONPIC\PRUEBA.X\NEWPIC_8B_SIMPLE.ASM 60 : Found label after column 1. (FUE_TMR0)
Warning[207] C:\USERS\ANGELORELLANA\ONEDRIVE\ESCRITORIO\UVG\4TOSEMESTRE\PROGRADEMICROS\LABORATORIOS\PROGRAMACIONPIC\PRUEBA.X\NEWPIC_8B_SIMPLE.ASM 69 : Found label after column 1. (FUE_TMR1)
Warning[207] C:\USERS\ANGELORELLANA\ONEDRIVE\ESCRITORIO\UVG\4TOSEMESTRE\PROGRADEMICROS\LABORATORIOS\PROGRAMACIONPIC\PRUEBA.X\NEWPIC_8B_SIMPLE.ASM 80 : Found label after column 1. (FUE_TMR2)
Warning[207] C:\USERS\ANGELORELLANA\ONEDRIVE\ESCRITORIO\UVG\4TOSEMESTRE\PROGRADEMICROS\LABORATORIOS\PROGRAMACIONPIC\PRUEBA.X\NEWPIC_8B_SIMPLE.ASM 97 : Found label after column 1. (TABLE)
Warning[207] C:\USERS\ANGELORELLANA\ONEDRIVE\ESCRITORIO\UVG\4TOSEMESTRE\PROGRADEMICROS\LABORATORIOS\PROGRAMACIONPIC\PRUEBA.X\NEWPIC_8B_SIMPLE.ASM 139 : Found label after column 1. (LOOP)
Message[305] C:\USERS\ANGELORELLANA\ONEDRIVE\ESCRITORIO\UVG\4TOSEMESTRE\PROGRADEMICROS\LABORATORIOS\PROGRAMACIONPIC\PRUEBA.X\NEWPIC_8B_SIMPLE.ASM 149 : Using default destination of 1 (file).
Warning[207] C:\USERS\ANGELORELLANA\ONEDRIVE\ESCRITORIO\UVG\4TOSEMESTRE\PROGRADEMICROS\LABORATORIOS\PROGRAMACIONPIC\PRUEBA.X\NEWPIC_8B_SIMPLE.ASM 181 : Found label after column 1. (APAGAR_LEDS)
Warning[207] C:\USERS\ANGELORELLANA\ONEDRIVE\ESCRITORIO\UVG\4TOSEMESTRE\PROGRADEMICROS\LABORATORIOS\PROGRAMACIONPIC\PRUEBA.X\NEWPIC_8B_SIMPLE.ASM 207 : Found label after column 1. (DISPLAY)
Message[302] C:\USERS\ANGELORELLANA\ONEDRIVE\ESCRITORIO\UVG\4TOSEMESTRE\PROGRADEMICROS\LABORATORIOS\PROGRAMACIONPIC\PRUEBA.X\NEWPIC_8B_SIMPLE.ASM 236 : Register in operand not in bank 0.  Ensure that bank bits are correct.
Message[302] C:\USERS\ANGELORELLANA\ONEDRIVE\ESCRITORIO\UVG\4TOSEMESTRE\PROGRADEMICROS\LABORATORIOS\PROGRAMACIONPIC\PRUEBA.X\NEWPIC_8B_SIMPLE.ASM 237 : Register in operand not in bank 0.  Ensure that bank bits are correct.
Message[302] C:\USERS\ANGELORELLANA\ONEDRIVE\ESCRITORIO\UVG\4TOSEMESTRE\PROGRADEMICROS\LABORATORIOS\PROGRAMACIONPIC\PRUEBA.X\NEWPIC_8B_SIMPLE.ASM 238 : Register in operand not in bank 0.  Ensure that bank bits are correct.
Message[302] C:\USERS\ANGELORELLANA\ONEDRIVE\ESCRITORIO\UVG\4TOSEMESTRE\PROGRADEMICROS\LABORATORIOS\PROGRAMACIONPIC\PRUEBA.X\NEWPIC_8B_SIMPLE.ASM 239 : Register in operand not in bank 0.  Ensure that bank bits are correct.
Message[302] C:\USERS\ANGELORELLANA\ONEDRIVE\ESCRITORIO\UVG\4TOSEMESTRE\PROGRADEMICROS\LABORATORIOS\PROGRAMACIONPIC\PRUEBA.X\NEWPIC_8B_SIMPLE.ASM 242 : Register in operand not in bank 0.  Ensure that bank bits are correct.
Message[302] C:\USERS\ANGELORELLANA\ONEDRIVE\ESCRITORIO\UVG\4TOSEMESTRE\PROGRADEMICROS\LABORATORIOS\PROGRAMACIONPIC\PRUEBA.X\NEWPIC_8B_SIMPLE.ASM 243 : Register in operand not in bank 0.  Ensure that bank bits are correct.
Warning[207] C:\USERS\ANGELORELLANA\ONEDRIVE\ESCRITORIO\UVG\4TOSEMESTRE\PROGRADEMICROS\LABORATORIOS\PROGRAMACIONPIC\PRUEBA.X\NEWPIC_8B_SIMPLE.ASM 253 : Found label after column 1. (CONFIG_TMR0)
Message[302] C:\USERS\ANGELORELLANA\ONEDRIVE\ESCRITORIO\UVG\4TOSEMESTRE\PROGRADEMICROS\LABORATORIOS\PROGRAMACIONPIC\PRUEBA.X\NEWPIC_8B_SIMPLE.ASM 255 : Register in operand not in bank 0.  Ensure that bank bits are correct.
Message[302] C:\USERS\ANGELORELLANA\ONEDRIVE\ESCRITORIO\UVG\4TOSEMESTRE\PROGRADEMICROS\LABORATORIOS\PROGRAMACIONPIC\PRUEBA.X\NEWPIC_8B_SIMPLE.ASM 256 : Register in operand not in bank 0.  Ensure that bank bits are correct.
Message[302] C:\USERS\ANGELORELLANA\ONEDRIVE\ESCRITORIO\UVG\4TOSEMESTRE\PROGRADEMICROS\LABORATORIOS\PROGRAMACIONPIC\PRUEBA.X\NEWPIC_8B_SIMPLE.ASM 257 : Register in operand not in bank 0.  Ensure that bank bits are correct.
Message[302] C:\USERS\ANGELORELLANA\ONEDRIVE\ESCRITORIO\UVG\4TOSEMESTRE\PROGRADEMICROS\LABORATORIOS\PROGRAMACIONPIC\PRUEBA.X\NEWPIC_8B_SIMPLE.ASM 258 : Register in operand not in bank 0.  Ensure that bank bits are correct.
Message[302] C:\USERS\ANGELORELLANA\ONEDRIVE\ESCRITORIO\UVG\4TOSEMESTRE\PROGRADEMICROS\LABORATORIOS\PROGRAMACIONPIC\PRUEBA.X\NEWPIC_8B_SIMPLE.ASM 259 : Register in operand not in bank 0.  Ensure that bank bits are correct.
Warning[207] C:\USERS\ANGELORELLANA\ONEDRIVE\ESCRITORIO\UVG\4TOSEMESTRE\PROGRADEMICROS\LABORATORIOS\PROGRAMACIONPIC\PRUEBA.X\NEWPIC_8B_SIMPLE.ASM 266 : Found label after column 1. (CONFIG_TMR1)
Warning[207] C:\USERS\ANGELORELLANA\ONEDRIVE\ESCRITORIO\UVG\4TOSEMESTRE\PROGRADEMICROS\LABORATORIOS\PROGRAMACIONPIC\PRUEBA.X\NEWPIC_8B_SIMPLE.ASM 284 : Found label after column 1. (CONFIG_TMR2)
Message[302] C:\USERS\ANGELORELLANA\ONEDRIVE\ESCRITORIO\UVG\4TOSEMESTRE\PROGRADEMICROS\LABORATORIOS\PROGRAMACIONPIC\PRUEBA.X\NEWPIC_8B_SIMPLE.ASM 290 : Register in operand not in bank 0.  Ensure that bank bits are correct.
Warning[207] C:\USERS\ANGELORELLANA\ONEDRIVE\ESCRITORIO\UVG\4TOSEMESTRE\PROGRADEMICROS\LABORATORIOS\PROGRAMACIONPIC\PRUEBA.X\NEWPIC_8B_SIMPLE.ASM 296 : Found label after column 1. (CONFIG_INTERRUPT)
Message[302] C:\USERS\ANGELORELLANA\ONEDRIVE\ESCRITORIO\UVG\4TOSEMESTRE\PROGRADEMICROS\LABORATORIOS\PROGRAMACIONPIC\PRUEBA.X\NEWPIC_8B_SIMPLE.ASM 299 : Register in operand not in bank 0.  Ensure that bank bits are correct.
Message[302] C:\USERS\ANGELORELLANA\ONEDRIVE\ESCRITORIO\UVG\4TOSEMESTRE\PROGRADEMICROS\LABORATORIOS\PROGRAMACIONPIC\PRUEBA.X\NEWPIC_8B_SIMPLE.ASM 300 : Register in operand not in bank 0.  Ensure that bank bits are correct.
