Warning[207] C:\USERS\ANGELORELLANA\ONEDRIVE\ESCRITORIO\UVG\4TOSEMESTRE\PROGRADEMICROS\PROGRAMAS_ENSAMBLADOR\PROYECTO1.2.X\MAIN.ASM 28 : Found label after column 1. (VALOR_TMR1H)
Warning[207] C:\USERS\ANGELORELLANA\ONEDRIVE\ESCRITORIO\UVG\4TOSEMESTRE\PROGRADEMICROS\PROGRAMAS_ENSAMBLADOR\PROYECTO1.2.X\MAIN.ASM 29 : Found label after column 1. (VALOR_TMR0)
Warning[207] C:\USERS\ANGELORELLANA\ONEDRIVE\ESCRITORIO\UVG\4TOSEMESTRE\PROGRADEMICROS\PROGRAMAS_ENSAMBLADOR\PROYECTO1.2.X\MAIN.ASM 31 : Found label after column 1. (VALOR_TITILAR_7S)
Warning[207] C:\USERS\ANGELORELLANA\ONEDRIVE\ESCRITORIO\UVG\4TOSEMESTRE\PROGRADEMICROS\PROGRAMAS_ENSAMBLADOR\PROYECTO1.2.X\MAIN.ASM 32 : Found label after column 1. (VALOR_BUZZER)
Warning[207] C:\USERS\ANGELORELLANA\ONEDRIVE\ESCRITORIO\UVG\4TOSEMESTRE\PROGRADEMICROS\PROGRAMAS_ENSAMBLADOR\PROYECTO1.2.X\MAIN.ASM 33 : Found label after column 1. (VALOR_TMR2)
Warning[207] C:\USERS\ANGELORELLANA\ONEDRIVE\ESCRITORIO\UVG\4TOSEMESTRE\PROGRADEMICROS\PROGRAMAS_ENSAMBLADOR\PROYECTO1.2.X\MAIN.ASM 34 : Found label after column 1. (VALOR_CONTADOR_TMR2)
Warning[207] C:\USERS\ANGELORELLANA\ONEDRIVE\ESCRITORIO\UVG\4TOSEMESTRE\PROGRADEMICROS\PROGRAMAS_ENSAMBLADOR\PROYECTO1.2.X\MAIN.ASM 36 : Found label after column 1. (VALOR_SEGUNDOS_ALARMA)
Warning[207] C:\USERS\ANGELORELLANA\ONEDRIVE\ESCRITORIO\UVG\4TOSEMESTRE\PROGRADEMICROS\PROGRAMAS_ENSAMBLADOR\PROYECTO1.2.X\MAIN.ASM 48 : Found label after column 1. (DELAY)
Warning[207] C:\USERS\ANGELORELLANA\ONEDRIVE\ESCRITORIO\UVG\4TOSEMESTRE\PROGRADEMICROS\PROGRAMAS_ENSAMBLADOR\PROYECTO1.2.X\MAIN.ASM 52 : Found label after column 1. (FLAGS)
Warning[207] C:\USERS\ANGELORELLANA\ONEDRIVE\ESCRITORIO\UVG\4TOSEMESTRE\PROGRADEMICROS\PROGRAMAS_ENSAMBLADOR\PROYECTO1.2.X\MAIN.ASM 93 : Found label after column 1. (SAVE_TEMP)
Warning[207] C:\USERS\ANGELORELLANA\ONEDRIVE\ESCRITORIO\UVG\4TOSEMESTRE\PROGRADEMICROS\PROGRAMAS_ENSAMBLADOR\PROYECTO1.2.X\MAIN.ASM 94 : Found label after column 1. (WRAM)
Warning[207] C:\USERS\ANGELORELLANA\ONEDRIVE\ESCRITORIO\UVG\4TOSEMESTRE\PROGRADEMICROS\PROGRAMAS_ENSAMBLADOR\PROYECTO1.2.X\MAIN.ASM 95 : Found label after column 1. (STATUSRAM)
Warning[207] C:\USERS\ANGELORELLANA\ONEDRIVE\ESCRITORIO\UVG\4TOSEMESTRE\PROGRADEMICROS\PROGRAMAS_ENSAMBLADOR\PROYECTO1.2.X\MAIN.ASM 97 : Found label after column 1. (DISPLAY_1)
Warning[207] C:\USERS\ANGELORELLANA\ONEDRIVE\ESCRITORIO\UVG\4TOSEMESTRE\PROGRADEMICROS\PROGRAMAS_ENSAMBLADOR\PROYECTO1.2.X\MAIN.ASM 98 : Found label after column 1. (DISPLAY_2)
Warning[207] C:\USERS\ANGELORELLANA\ONEDRIVE\ESCRITORIO\UVG\4TOSEMESTRE\PROGRADEMICROS\PROGRAMAS_ENSAMBLADOR\PROYECTO1.2.X\MAIN.ASM 107 : Found label after column 1. (SAVE)
Warning[207] C:\USERS\ANGELORELLANA\ONEDRIVE\ESCRITORIO\UVG\4TOSEMESTRE\PROGRADEMICROS\PROGRAMAS_ENSAMBLADOR\PROYECTO1.2.X\MAIN.ASM 111 : Found label after column 1. (SELECCIONAR)
Message[305] C:\USERS\ANGELORELLANA\ONEDRIVE\ESCRITORIO\UVG\4TOSEMESTRE\PROGRADEMICROS\PROGRAMAS_ENSAMBLADOR\PROYECTO1.2.X\MAIN.ASM 129 : Using default destination of 1 (file).
Warning[207] C:\USERS\ANGELORELLANA\ONEDRIVE\ESCRITORIO\UVG\4TOSEMESTRE\PROGRADEMICROS\PROGRAMAS_ENSAMBLADOR\PROYECTO1.2.X\MAIN.ASM 141 : Found label after column 1. (SONAR_BUZZER)
Warning[207] C:\USERS\ANGELORELLANA\ONEDRIVE\ESCRITORIO\UVG\4TOSEMESTRE\PROGRADEMICROS\PROGRAMAS_ENSAMBLADOR\PROYECTO1.2.X\MAIN.ASM 155 : Found label after column 1. (TITILAR_7S)
Warning[207] C:\USERS\ANGELORELLANA\ONEDRIVE\ESCRITORIO\UVG\4TOSEMESTRE\PROGRADEMICROS\PROGRAMAS_ENSAMBLADOR\PROYECTO1.2.X\MAIN.ASM 171 : Found label after column 1. (PUNTOS_ENMEDIO)
Warning[207] C:\USERS\ANGELORELLANA\ONEDRIVE\ESCRITORIO\UVG\4TOSEMESTRE\PROGRADEMICROS\PROGRAMAS_ENSAMBLADOR\PROYECTO1.2.X\MAIN.ASM 196 : Found label after column 1. (CONTAR_SEGUNDO)
Message[305] C:\USERS\ANGELORELLANA\ONEDRIVE\ESCRITORIO\UVG\4TOSEMESTRE\PROGRADEMICROS\PROGRAMAS_ENSAMBLADOR\PROYECTO1.2.X\MAIN.ASM 197 : Using default destination of 1 (file).
Message[305] C:\USERS\ANGELORELLANA\ONEDRIVE\ESCRITORIO\UVG\4TOSEMESTRE\PROGRADEMICROS\PROGRAMAS_ENSAMBLADOR\PROYECTO1.2.X\MAIN.ASM 214 : Using default destination of 1 (file).
Warning[207] C:\USERS\ANGELORELLANA\ONEDRIVE\ESCRITORIO\UVG\4TOSEMESTRE\PROGRADEMICROS\PROGRAMAS_ENSAMBLADOR\PROYECTO1.2.X\MAIN.ASM 232 : Found label after column 1. (EDITANDO_HORA)
Warning[207] C:\USERS\ANGELORELLANA\ONEDRIVE\ESCRITORIO\UVG\4TOSEMESTRE\PROGRADEMICROS\PROGRAMAS_ENSAMBLADOR\PROYECTO1.2.X\MAIN.ASM 240 : Found label after column 1. (EDITANDO_FECHA)
Warning[207] C:\USERS\ANGELORELLANA\ONEDRIVE\ESCRITORIO\UVG\4TOSEMESTRE\PROGRADEMICROS\PROGRAMAS_ENSAMBLADOR\PROYECTO1.2.X\MAIN.ASM 249 : Found label after column 1. (EDITANDO_TIMER)
Warning[207] C:\USERS\ANGELORELLANA\ONEDRIVE\ESCRITORIO\UVG\4TOSEMESTRE\PROGRADEMICROS\PROGRAMAS_ENSAMBLADOR\PROYECTO1.2.X\MAIN.ASM 278 : Found label after column 1. (FUNCIONAMIENTO_NORMAL_TEMPORIZADOR)
Warning[208] C:\USERS\ANGELORELLANA\ONEDRIVE\ESCRITORIO\UVG\4TOSEMESTRE\PROGRADEMICROS\PROGRAMAS_ENSAMBLADOR\PROYECTO1.2.X\MAIN.ASM 278 : Label truncated at 32 characters. (FUNCIONAMIENTO_NORMAL_TEMPORIZADOR)
Warning[207] C:\USERS\ANGELORELLANA\ONEDRIVE\ESCRITORIO\UVG\4TOSEMESTRE\PROGRADEMICROS\PROGRAMAS_ENSAMBLADOR\PROYECTO1.2.X\MAIN.ASM 291 : Found label after column 1. (DECREMENTAR_MINUTOS_TEMPORIZADOR)
Message[305] C:\USERS\ANGELORELLANA\ONEDRIVE\ESCRITORIO\UVG\4TOSEMESTRE\PROGRADEMICROS\PROGRAMAS_ENSAMBLADOR\PROYECTO1.2.X\MAIN.ASM 293 : Using default destination of 1 (file).
Warning[207] C:\USERS\ANGELORELLANA\ONEDRIVE\ESCRITORIO\UVG\4TOSEMESTRE\PROGRADEMICROS\PROGRAMAS_ENSAMBLADOR\PROYECTO1.2.X\MAIN.ASM 306 : Found label after column 1. (TABLA)
Message[302] C:\USERS\ANGELORELLANA\ONEDRIVE\ESCRITORIO\UVG\4TOSEMESTRE\PROGRADEMICROS\PROGRAMAS_ENSAMBLADOR\PROYECTO1.2.X\MAIN.ASM 349 : Register in operand not in bank 0.  Ensure that bank bits are correct.
Message[302] C:\USERS\ANGELORELLANA\ONEDRIVE\ESCRITORIO\UVG\4TOSEMESTRE\PROGRADEMICROS\PROGRAMAS_ENSAMBLADOR\PROYECTO1.2.X\MAIN.ASM 350 : Register in operand not in bank 0.  Ensure that bank bits are correct.
Message[302] C:\USERS\ANGELORELLANA\ONEDRIVE\ESCRITORIO\UVG\4TOSEMESTRE\PROGRADEMICROS\PROGRAMAS_ENSAMBLADOR\PROYECTO1.2.X\MAIN.ASM 357 : Register in operand not in bank 0.  Ensure that bank bits are correct.
Message[302] C:\USERS\ANGELORELLANA\ONEDRIVE\ESCRITORIO\UVG\4TOSEMESTRE\PROGRADEMICROS\PROGRAMAS_ENSAMBLADOR\PROYECTO1.2.X\MAIN.ASM 358 : Register in operand not in bank 0.  Ensure that bank bits are correct.
Message[302] C:\USERS\ANGELORELLANA\ONEDRIVE\ESCRITORIO\UVG\4TOSEMESTRE\PROGRADEMICROS\PROGRAMAS_ENSAMBLADOR\PROYECTO1.2.X\MAIN.ASM 359 : Register in operand not in bank 0.  Ensure that bank bits are correct.
Message[302] C:\USERS\ANGELORELLANA\ONEDRIVE\ESCRITORIO\UVG\4TOSEMESTRE\PROGRADEMICROS\PROGRAMAS_ENSAMBLADOR\PROYECTO1.2.X\MAIN.ASM 360 : Register in operand not in bank 0.  Ensure that bank bits are correct.
Message[302] C:\USERS\ANGELORELLANA\ONEDRIVE\ESCRITORIO\UVG\4TOSEMESTRE\PROGRADEMICROS\PROGRAMAS_ENSAMBLADOR\PROYECTO1.2.X\MAIN.ASM 361 : Register in operand not in bank 0.  Ensure that bank bits are correct.
Message[302] C:\USERS\ANGELORELLANA\ONEDRIVE\ESCRITORIO\UVG\4TOSEMESTRE\PROGRADEMICROS\PROGRAMAS_ENSAMBLADOR\PROYECTO1.2.X\MAIN.ASM 364 : Register in operand not in bank 0.  Ensure that bank bits are correct.
Message[302] C:\USERS\ANGELORELLANA\ONEDRIVE\ESCRITORIO\UVG\4TOSEMESTRE\PROGRADEMICROS\PROGRAMAS_ENSAMBLADOR\PROYECTO1.2.X\MAIN.ASM 366 : Register in operand not in bank 0.  Ensure that bank bits are correct.
Message[302] C:\USERS\ANGELORELLANA\ONEDRIVE\ESCRITORIO\UVG\4TOSEMESTRE\PROGRADEMICROS\PROGRAMAS_ENSAMBLADOR\PROYECTO1.2.X\MAIN.ASM 369 : Register in operand not in bank 0.  Ensure that bank bits are correct.
Warning[207] C:\USERS\ANGELORELLANA\ONEDRIVE\ESCRITORIO\UVG\4TOSEMESTRE\PROGRADEMICROS\PROGRAMAS_ENSAMBLADOR\PROYECTO1.2.X\MAIN.ASM 447 : Found label after column 1. (NORMAL)
Message[305] C:\USERS\ANGELORELLANA\ONEDRIVE\ESCRITORIO\UVG\4TOSEMESTRE\PROGRADEMICROS\PROGRAMAS_ENSAMBLADOR\PROYECTO1.2.X\MAIN.ASM 448 : Using default destination of 1 (file).
Warning[207] C:\USERS\ANGELORELLANA\ONEDRIVE\ESCRITORIO\UVG\4TOSEMESTRE\PROGRADEMICROS\PROGRAMAS_ENSAMBLADOR\PROYECTO1.2.X\MAIN.ASM 466 : Found label after column 1. (ESTABLECER_OPCION)
Warning[207] C:\USERS\ANGELORELLANA\ONEDRIVE\ESCRITORIO\UVG\4TOSEMESTRE\PROGRADEMICROS\PROGRAMAS_ENSAMBLADOR\PROYECTO1.2.X\MAIN.ASM 487 : Found label after column 1. (OPCIONES_NORMAL)
Message[305] C:\USERS\ANGELORELLANA\ONEDRIVE\ESCRITORIO\UVG\4TOSEMESTRE\PROGRADEMICROS\PROGRAMAS_ENSAMBLADOR\PROYECTO1.2.X\MAIN.ASM 490 : Using default destination of 1 (file).
Warning[207] C:\USERS\ANGELORELLANA\ONEDRIVE\ESCRITORIO\UVG\4TOSEMESTRE\PROGRADEMICROS\PROGRAMAS_ENSAMBLADOR\PROYECTO1.2.X\MAIN.ASM 503 : Found label after column 1. (OPCION_RELOJ)
Warning[207] C:\USERS\ANGELORELLANA\ONEDRIVE\ESCRITORIO\UVG\4TOSEMESTRE\PROGRADEMICROS\PROGRAMAS_ENSAMBLADOR\PROYECTO1.2.X\MAIN.ASM 510 : Found label after column 1. (NO_EDITAR_HORA)
Warning[207] C:\USERS\ANGELORELLANA\ONEDRIVE\ESCRITORIO\UVG\4TOSEMESTRE\PROGRADEMICROS\PROGRAMAS_ENSAMBLADOR\PROYECTO1.2.X\MAIN.ASM 519 : Found label after column 1. (SI_EDITAR_HORA)
Warning[207] C:\USERS\ANGELORELLANA\ONEDRIVE\ESCRITORIO\UVG\4TOSEMESTRE\PROGRADEMICROS\PROGRAMAS_ENSAMBLADOR\PROYECTO1.2.X\MAIN.ASM 528 : Found label after column 1. (OPCION_FECHA)
Warning[207] C:\USERS\ANGELORELLANA\ONEDRIVE\ESCRITORIO\UVG\4TOSEMESTRE\PROGRADEMICROS\PROGRAMAS_ENSAMBLADOR\PROYECTO1.2.X\MAIN.ASM 533 : Found label after column 1. (NO_EDITAR_FECHA)
Warning[207] C:\USERS\ANGELORELLANA\ONEDRIVE\ESCRITORIO\UVG\4TOSEMESTRE\PROGRADEMICROS\PROGRAMAS_ENSAMBLADOR\PROYECTO1.2.X\MAIN.ASM 542 : Found label after column 1. (SI_EDITAR_FECHA)
Warning[207] C:\USERS\ANGELORELLANA\ONEDRIVE\ESCRITORIO\UVG\4TOSEMESTRE\PROGRADEMICROS\PROGRAMAS_ENSAMBLADOR\PROYECTO1.2.X\MAIN.ASM 551 : Found label after column 1. (OPCION_TEMPORIZADOR)
Warning[207] C:\USERS\ANGELORELLANA\ONEDRIVE\ESCRITORIO\UVG\4TOSEMESTRE\PROGRADEMICROS\PROGRAMAS_ENSAMBLADOR\PROYECTO1.2.X\MAIN.ASM 556 : Found label after column 1. (NO_EDITAR_TEMPORIZADOR)
Warning[207] C:\USERS\ANGELORELLANA\ONEDRIVE\ESCRITORIO\UVG\4TOSEMESTRE\PROGRADEMICROS\PROGRAMAS_ENSAMBLADOR\PROYECTO1.2.X\MAIN.ASM 570 : Found label after column 1. (SEGUIR_NO_EDITAR)
Warning[207] C:\USERS\ANGELORELLANA\ONEDRIVE\ESCRITORIO\UVG\4TOSEMESTRE\PROGRADEMICROS\PROGRAMAS_ENSAMBLADOR\PROYECTO1.2.X\MAIN.ASM 578 : Found label after column 1. (SI_EDITAR_TEMPORIZADOR)
Warning[207] C:\USERS\ANGELORELLANA\ONEDRIVE\ESCRITORIO\UVG\4TOSEMESTRE\PROGRADEMICROS\PROGRAMAS_ENSAMBLADOR\PROYECTO1.2.X\MAIN.ASM 590 : Found label after column 1. (DISPLAY_NO_EDITAR)
Warning[207] C:\USERS\ANGELORELLANA\ONEDRIVE\ESCRITORIO\UVG\4TOSEMESTRE\PROGRADEMICROS\PROGRAMAS_ENSAMBLADOR\PROYECTO1.2.X\MAIN.ASM 603 : Found label after column 1. (DISP_1_2)
Warning[207] C:\USERS\ANGELORELLANA\ONEDRIVE\ESCRITORIO\UVG\4TOSEMESTRE\PROGRADEMICROS\PROGRAMAS_ENSAMBLADOR\PROYECTO1.2.X\MAIN.ASM 609 : Found label after column 1. (DISP_2_1)
Warning[207] C:\USERS\ANGELORELLANA\ONEDRIVE\ESCRITORIO\UVG\4TOSEMESTRE\PROGRADEMICROS\PROGRAMAS_ENSAMBLADOR\PROYECTO1.2.X\MAIN.ASM 615 : Found label after column 1. (DISP_2_2)
Warning[207] C:\USERS\ANGELORELLANA\ONEDRIVE\ESCRITORIO\UVG\4TOSEMESTRE\PROGRADEMICROS\PROGRAMAS_ENSAMBLADOR\PROYECTO1.2.X\MAIN.ASM 620 : Found label after column 1. (MOSTRAR_VALOR)
Warning[207] C:\USERS\ANGELORELLANA\ONEDRIVE\ESCRITORIO\UVG\4TOSEMESTRE\PROGRADEMICROS\PROGRAMAS_ENSAMBLADOR\PROYECTO1.2.X\MAIN.ASM 643 : Found label after column 1. (DISPLAY_1_1_EDITAR_NORMAL)
Warning[207] C:\USERS\ANGELORELLANA\ONEDRIVE\ESCRITORIO\UVG\4TOSEMESTRE\PROGRADEMICROS\PROGRAMAS_ENSAMBLADOR\PROYECTO1.2.X\MAIN.ASM 649 : Found label after column 1. (DISPLAY_1_2_EDITAR)
Warning[207] C:\USERS\ANGELORELLANA\ONEDRIVE\ESCRITORIO\UVG\4TOSEMESTRE\PROGRADEMICROS\PROGRAMAS_ENSAMBLADOR\PROYECTO1.2.X\MAIN.ASM 655 : Found label after column 1. (DISPLAY_1_2_EDITAR_NORMAL)
Warning[207] C:\USERS\ANGELORELLANA\ONEDRIVE\ESCRITORIO\UVG\4TOSEMESTRE\PROGRADEMICROS\PROGRAMAS_ENSAMBLADOR\PROYECTO1.2.X\MAIN.ASM 661 : Found label after column 1. (DISPLAY_2_1_EDITAR)
Warning[207] C:\USERS\ANGELORELLANA\ONEDRIVE\ESCRITORIO\UVG\4TOSEMESTRE\PROGRADEMICROS\PROGRAMAS_ENSAMBLADOR\PROYECTO1.2.X\MAIN.ASM 667 : Found label after column 1. (DISPLAY_2_1_EDITAR_NORMAL)
Warning[207] C:\USERS\ANGELORELLANA\ONEDRIVE\ESCRITORIO\UVG\4TOSEMESTRE\PROGRADEMICROS\PROGRAMAS_ENSAMBLADOR\PROYECTO1.2.X\MAIN.ASM 673 : Found label after column 1. (DISPLAY_2_2_EDITAR)
Warning[207] C:\USERS\ANGELORELLANA\ONEDRIVE\ESCRITORIO\UVG\4TOSEMESTRE\PROGRADEMICROS\PROGRAMAS_ENSAMBLADOR\PROYECTO1.2.X\MAIN.ASM 679 : Found label after column 1. (DISPLAY_2_2_EDITAR_NORMAL)
Warning[207] C:\USERS\ANGELORELLANA\ONEDRIVE\ESCRITORIO\UVG\4TOSEMESTRE\PROGRADEMICROS\PROGRAMAS_ENSAMBLADOR\PROYECTO1.2.X\MAIN.ASM 684 : Found label after column 1. (MOSTRAR_DISPLAY_EDITAR)
Warning[207] C:\USERS\ANGELORELLANA\ONEDRIVE\ESCRITORIO\UVG\4TOSEMESTRE\PROGRADEMICROS\PROGRAMAS_ENSAMBLADOR\PROYECTO1.2.X\MAIN.ASM 702 : Found label after column 1. (DEC_MINUTO_TEMPORIZADOR)
Warning[207] C:\USERS\ANGELORELLANA\ONEDRIVE\ESCRITORIO\UVG\4TOSEMESTRE\PROGRADEMICROS\PROGRAMAS_ENSAMBLADOR\PROYECTO1.2.X\MAIN.ASM 730 : Found label after column 1. (VALOR_MES)
Message[305] C:\USERS\ANGELORELLANA\ONEDRIVE\ESCRITORIO\UVG\4TOSEMESTRE\PROGRADEMICROS\PROGRAMAS_ENSAMBLADOR\PROYECTO1.2.X\MAIN.ASM 747 : Using default destination of 1 (file).
Warning[207] C:\USERS\ANGELORELLANA\ONEDRIVE\ESCRITORIO\UVG\4TOSEMESTRE\PROGRADEMICROS\PROGRAMAS_ENSAMBLADOR\PROYECTO1.2.X\MAIN.ASM 790 : Found label after column 1. (CORRECCION_HORA)
Warning[207] C:\USERS\ANGELORELLANA\ONEDRIVE\ESCRITORIO\UVG\4TOSEMESTRE\PROGRADEMICROS\PROGRAMAS_ENSAMBLADOR\PROYECTO1.2.X\MAIN.ASM 823 : Found label after column 1. (SI_YA_SE_ENTRO_ANTES)
Warning[207] C:\USERS\ANGELORELLANA\ONEDRIVE\ESCRITORIO\UVG\4TOSEMESTRE\PROGRADEMICROS\PROGRAMAS_ENSAMBLADOR\PROYECTO1.2.X\MAIN.ASM 839 : Found label after column 1. (CAMBIAR_0)
Warning[207] C:\USERS\ANGELORELLANA\ONEDRIVE\ESCRITORIO\UVG\4TOSEMESTRE\PROGRADEMICROS\PROGRAMAS_ENSAMBLADOR\PROYECTO1.2.X\MAIN.ASM 842 : Found label after column 1. (CAMBIAR)
Warning[207] C:\USERS\ANGELORELLANA\ONEDRIVE\ESCRITORIO\UVG\4TOSEMESTRE\PROGRADEMICROS\PROGRAMAS_ENSAMBLADOR\PROYECTO1.2.X\MAIN.ASM 847 : Found label after column 1. (EDIT_MINUTE)
Warning[207] C:\USERS\ANGELORELLANA\ONEDRIVE\ESCRITORIO\UVG\4TOSEMESTRE\PROGRADEMICROS\PROGRAMAS_ENSAMBLADOR\PROYECTO1.2.X\MAIN.ASM 849 : Found label after column 1. (DECREMENTAR_MINUTE)
Warning[207] C:\USERS\ANGELORELLANA\ONEDRIVE\ESCRITORIO\UVG\4TOSEMESTRE\PROGRADEMICROS\PROGRAMAS_ENSAMBLADOR\PROYECTO1.2.X\MAIN.ASM 867 : Found label after column 1. (CORREGIR_BCD_MINUTO_EDITAR)
Warning[207] C:\USERS\ANGELORELLANA\ONEDRIVE\ESCRITORIO\UVG\4TOSEMESTRE\PROGRADEMICROS\PROGRAMAS_ENSAMBLADOR\PROYECTO1.2.X\MAIN.ASM 877 : Found label after column 1. (INCREMENTAR_MINUTE)
Warning[207] C:\USERS\ANGELORELLANA\ONEDRIVE\ESCRITORIO\UVG\4TOSEMESTRE\PROGRADEMICROS\PROGRAMAS_ENSAMBLADOR\PROYECTO1.2.X\MAIN.ASM 898 : Found label after column 1. (VERIFICAR_OVERFLOW_MINUTO_EDITAR)
Warning[207] C:\USERS\ANGELORELLANA\ONEDRIVE\ESCRITORIO\UVG\4TOSEMESTRE\PROGRADEMICROS\PROGRAMAS_ENSAMBLADOR\PROYECTO1.2.X\MAIN.ASM 906 : Found label after column 1. (EDIT_HOUR)
Warning[207] C:\USERS\ANGELORELLANA\ONEDRIVE\ESCRITORIO\UVG\4TOSEMESTRE\PROGRADEMICROS\PROGRAMAS_ENSAMBLADOR\PROYECTO1.2.X\MAIN.ASM 926 : Found label after column 1. (CORREGIR_BCD_HORA_EDITAR)
Warning[207] C:\USERS\ANGELORELLANA\ONEDRIVE\ESCRITORIO\UVG\4TOSEMESTRE\PROGRADEMICROS\PROGRAMAS_ENSAMBLADOR\PROYECTO1.2.X\MAIN.ASM 936 : Found label after column 1. (INCREMENTAR_HOUR)
Warning[207] C:\USERS\ANGELORELLANA\ONEDRIVE\ESCRITORIO\UVG\4TOSEMESTRE\PROGRADEMICROS\PROGRAMAS_ENSAMBLADOR\PROYECTO1.2.X\MAIN.ASM 957 : Found label after column 1. (VERIFICAR_OVERFLOW_HORA_EDITAR)
Warning[207] C:\USERS\ANGELORELLANA\ONEDRIVE\ESCRITORIO\UVG\4TOSEMESTRE\PROGRADEMICROS\PROGRAMAS_ENSAMBLADOR\PROYECTO1.2.X\MAIN.ASM 963 : Found label after column 1. (SALIR)
Warning[207] C:\USERS\ANGELORELLANA\ONEDRIVE\ESCRITORIO\UVG\4TOSEMESTRE\PROGRADEMICROS\PROGRAMAS_ENSAMBLADOR\PROYECTO1.2.X\MAIN.ASM 1015 : Found label after column 1. (SI_YA_SE_ENTRO_ANTES_FECHA)
Warning[207] C:\USERS\ANGELORELLANA\ONEDRIVE\ESCRITORIO\UVG\4TOSEMESTRE\PROGRADEMICROS\PROGRAMAS_ENSAMBLADOR\PROYECTO1.2.X\MAIN.ASM 1031 : Found label after column 1. (CAMBIAR_1)
Warning[207] C:\USERS\ANGELORELLANA\ONEDRIVE\ESCRITORIO\UVG\4TOSEMESTRE\PROGRADEMICROS\PROGRAMAS_ENSAMBLADOR\PROYECTO1.2.X\MAIN.ASM 1034 : Found label after column 1. (CAMBIAR_FECHA)
Warning[207] C:\USERS\ANGELORELLANA\ONEDRIVE\ESCRITORIO\UVG\4TOSEMESTRE\PROGRADEMICROS\PROGRAMAS_ENSAMBLADOR\PROYECTO1.2.X\MAIN.ASM 1047 : Found label after column 1. (DECISION_FECHA)
Warning[207] C:\USERS\ANGELORELLANA\ONEDRIVE\ESCRITORIO\UVG\4TOSEMESTRE\PROGRADEMICROS\PROGRAMAS_ENSAMBLADOR\PROYECTO1.2.X\MAIN.ASM 1052 : Found label after column 1. (EDIT_DAY)
Warning[207] C:\USERS\ANGELORELLANA\ONEDRIVE\ESCRITORIO\UVG\4TOSEMESTRE\PROGRADEMICROS\PROGRAMAS_ENSAMBLADOR\PROYECTO1.2.X\MAIN.ASM 1054 : Found label after column 1. (DECREMENTAR_DAY)
Warning[207] C:\USERS\ANGELORELLANA\ONEDRIVE\ESCRITORIO\UVG\4TOSEMESTRE\PROGRADEMICROS\PROGRAMAS_ENSAMBLADOR\PROYECTO1.2.X\MAIN.ASM 1072 : Found label after column 1. (CORREGIR_BCD_DIA_EDITAR)
Warning[207] C:\USERS\ANGELORELLANA\ONEDRIVE\ESCRITORIO\UVG\4TOSEMESTRE\PROGRADEMICROS\PROGRAMAS_ENSAMBLADOR\PROYECTO1.2.X\MAIN.ASM 1082 : Found label after column 1. (INCREMENTAR_DAY)
Warning[207] C:\USERS\ANGELORELLANA\ONEDRIVE\ESCRITORIO\UVG\4TOSEMESTRE\PROGRADEMICROS\PROGRAMAS_ENSAMBLADOR\PROYECTO1.2.X\MAIN.ASM 1102 : Found label after column 1. (OVERFLOW_DIA)
Warning[207] C:\USERS\ANGELORELLANA\ONEDRIVE\ESCRITORIO\UVG\4TOSEMESTRE\PROGRADEMICROS\PROGRAMAS_ENSAMBLADOR\PROYECTO1.2.X\MAIN.ASM 1113 : Found label after column 1. (EDIT_MONTH)
Warning[207] C:\USERS\ANGELORELLANA\ONEDRIVE\ESCRITORIO\UVG\4TOSEMESTRE\PROGRADEMICROS\PROGRAMAS_ENSAMBLADOR\PROYECTO1.2.X\MAIN.ASM 1135 : Found label after column 1. (CORREGIR_BCD_MES_EDITAR)
Message[305] C:\USERS\ANGELORELLANA\ONEDRIVE\ESCRITORIO\UVG\4TOSEMESTRE\PROGRADEMICROS\PROGRAMAS_ENSAMBLADOR\PROYECTO1.2.X\MAIN.ASM 1144 : Using default destination of 1 (file).
Warning[207] C:\USERS\ANGELORELLANA\ONEDRIVE\ESCRITORIO\UVG\4TOSEMESTRE\PROGRADEMICROS\PROGRAMAS_ENSAMBLADOR\PROYECTO1.2.X\MAIN.ASM 1146 : Found label after column 1. (INCREMENTAR_MONTH)
Warning[207] C:\USERS\ANGELORELLANA\ONEDRIVE\ESCRITORIO\UVG\4TOSEMESTRE\PROGRADEMICROS\PROGRAMAS_ENSAMBLADOR\PROYECTO1.2.X\MAIN.ASM 1167 : Found label after column 1. (CORREGIR_BCD_MES_INCREMENTAR)
Warning[207] C:\USERS\ANGELORELLANA\ONEDRIVE\ESCRITORIO\UVG\4TOSEMESTRE\PROGRADEMICROS\PROGRAMAS_ENSAMBLADOR\PROYECTO1.2.X\MAIN.ASM 1177 : Found label after column 1. (SALIR_FECHA)
Warning[207] C:\USERS\ANGELORELLANA\ONEDRIVE\ESCRITORIO\UVG\4TOSEMESTRE\PROGRADEMICROS\PROGRAMAS_ENSAMBLADOR\PROYECTO1.2.X\MAIN.ASM 1202 : Found label after column 1. (EDITAR_TEMPORIZADOR)
Warning[207] C:\USERS\ANGELORELLANA\ONEDRIVE\ESCRITORIO\UVG\4TOSEMESTRE\PROGRADEMICROS\PROGRAMAS_ENSAMBLADOR\PROYECTO1.2.X\MAIN.ASM 1229 : Found label after column 1. (IF_NOT_CERO)
Warning[207] C:\USERS\ANGELORELLANA\ONEDRIVE\ESCRITORIO\UVG\4TOSEMESTRE\PROGRADEMICROS\PROGRAMAS_ENSAMBLADOR\PROYECTO1.2.X\MAIN.ASM 1232 : Found label after column 1. (CONTINUE)
Warning[207] C:\USERS\ANGELORELLANA\ONEDRIVE\ESCRITORIO\UVG\4TOSEMESTRE\PROGRADEMICROS\PROGRAMAS_ENSAMBLADOR\PROYECTO1.2.X\MAIN.ASM 1245 : Found label after column 1. (SI_YA_SE_ENTRO_ANTES_TEMPORIZADOR)
Warning[208] C:\USERS\ANGELORELLANA\ONEDRIVE\ESCRITORIO\UVG\4TOSEMESTRE\PROGRADEMICROS\PROGRAMAS_ENSAMBLADOR\PROYECTO1.2.X\MAIN.ASM 1245 : Label truncated at 32 characters. (SI_YA_SE_ENTRO_ANTES_TEMPORIZADOR)
Warning[207] C:\USERS\ANGELORELLANA\ONEDRIVE\ESCRITORIO\UVG\4TOSEMESTRE\PROGRADEMICROS\PROGRAMAS_ENSAMBLADOR\PROYECTO1.2.X\MAIN.ASM 1261 : Found label after column 1. (CAMBIAR_0_TEMPORIZADOR)
Warning[207] C:\USERS\ANGELORELLANA\ONEDRIVE\ESCRITORIO\UVG\4TOSEMESTRE\PROGRADEMICROS\PROGRAMAS_ENSAMBLADOR\PROYECTO1.2.X\MAIN.ASM 1264 : Found label after column 1. (CAMBIAR_TEMPORIZADOR)
Warning[207] C:\USERS\ANGELORELLANA\ONEDRIVE\ESCRITORIO\UVG\4TOSEMESTRE\PROGRADEMICROS\PROGRAMAS_ENSAMBLADOR\PROYECTO1.2.X\MAIN.ASM 1269 : Found label after column 1. (EDIT_SECOND)
Warning[207] C:\USERS\ANGELORELLANA\ONEDRIVE\ESCRITORIO\UVG\4TOSEMESTRE\PROGRADEMICROS\PROGRAMAS_ENSAMBLADOR\PROYECTO1.2.X\MAIN.ASM 1271 : Found label after column 1. (DECREMENTAR_SECOND)
Warning[207] C:\USERS\ANGELORELLANA\ONEDRIVE\ESCRITORIO\UVG\4TOSEMESTRE\PROGRADEMICROS\PROGRAMAS_ENSAMBLADOR\PROYECTO1.2.X\MAIN.ASM 1294 : Found label after column 1. (CORREGIR_BCD_TEMP_SEG_DEC)
Warning[207] C:\USERS\ANGELORELLANA\ONEDRIVE\ESCRITORIO\UVG\4TOSEMESTRE\PROGRADEMICROS\PROGRAMAS_ENSAMBLADOR\PROYECTO1.2.X\MAIN.ASM 1305 : Found label after column 1. (CORREGIR_BCD_SEGUNDO_TEMPORIZADOR_EDITAR)
Warning[208] C:\USERS\ANGELORELLANA\ONEDRIVE\ESCRITORIO\UVG\4TOSEMESTRE\PROGRADEMICROS\PROGRAMAS_ENSAMBLADOR\PROYECTO1.2.X\MAIN.ASM 1305 : Label truncated at 32 characters. (CORREGIR_BCD_SEGUNDO_TEMPORIZADOR_EDITAR)
Warning[207] C:\USERS\ANGELORELLANA\ONEDRIVE\ESCRITORIO\UVG\4TOSEMESTRE\PROGRADEMICROS\PROGRAMAS_ENSAMBLADOR\PROYECTO1.2.X\MAIN.ASM 1315 : Found label after column 1. (INCREMENTAR_SECOND)
Warning[207] C:\USERS\ANGELORELLANA\ONEDRIVE\ESCRITORIO\UVG\4TOSEMESTRE\PROGRADEMICROS\PROGRAMAS_ENSAMBLADOR\PROYECTO1.2.X\MAIN.ASM 1338 : Found label after column 1. (CORREGIR_BCD_TEMP_SEG_INC)
Warning[207] C:\USERS\ANGELORELLANA\ONEDRIVE\ESCRITORIO\UVG\4TOSEMESTRE\PROGRADEMICROS\PROGRAMAS_ENSAMBLADOR\PROYECTO1.2.X\MAIN.ASM 1349 : Found label after column 1. (VERIFICAR_OVERFLOW_SEGUNDOS_TEMPORIZADOR_EDITAR)
Warning[208] C:\USERS\ANGELORELLANA\ONEDRIVE\ESCRITORIO\UVG\4TOSEMESTRE\PROGRADEMICROS\PROGRAMAS_ENSAMBLADOR\PROYECTO1.2.X\MAIN.ASM 1349 : Label truncated at 32 characters. (VERIFICAR_OVERFLOW_SEGUNDOS_TEMPORIZADOR_EDITAR)
Warning[207] C:\USERS\ANGELORELLANA\ONEDRIVE\ESCRITORIO\UVG\4TOSEMESTRE\PROGRADEMICROS\PROGRAMAS_ENSAMBLADOR\PROYECTO1.2.X\MAIN.ASM 1357 : Found label after column 1. (EDIT_MINUTE_TEMPORIZADOR)
Warning[207] C:\USERS\ANGELORELLANA\ONEDRIVE\ESCRITORIO\UVG\4TOSEMESTRE\PROGRADEMICROS\PROGRAMAS_ENSAMBLADOR\PROYECTO1.2.X\MAIN.ASM 1374 : Found label after column 1. (VER_PORTB)
Warning[207] C:\USERS\ANGELORELLANA\ONEDRIVE\ESCRITORIO\UVG\4TOSEMESTRE\PROGRADEMICROS\PROGRAMAS_ENSAMBLADOR\PROYECTO1.2.X\MAIN.ASM 1393 : Found label after column 1. (CORREGIR_BCD_MINUTOS_TEMPORIZADOR_EDITAR)
Warning[208] C:\USERS\ANGELORELLANA\ONEDRIVE\ESCRITORIO\UVG\4TOSEMESTRE\PROGRADEMICROS\PROGRAMAS_ENSAMBLADOR\PROYECTO1.2.X\MAIN.ASM 1393 : Label truncated at 32 characters. (CORREGIR_BCD_MINUTOS_TEMPORIZADOR_EDITAR)
Warning[207] C:\USERS\ANGELORELLANA\ONEDRIVE\ESCRITORIO\UVG\4TOSEMESTRE\PROGRADEMICROS\PROGRAMAS_ENSAMBLADOR\PROYECTO1.2.X\MAIN.ASM 1403 : Found label after column 1. (INCREMENTAR_MINUTE_TEMPORIZADOR)
Warning[207] C:\USERS\ANGELORELLANA\ONEDRIVE\ESCRITORIO\UVG\4TOSEMESTRE\PROGRADEMICROS\PROGRAMAS_ENSAMBLADOR\PROYECTO1.2.X\MAIN.ASM 1424 : Found label after column 1. (VERIFICAR_OVERFLOW_MINUTOS_EDITAR)
Warning[208] C:\USERS\ANGELORELLANA\ONEDRIVE\ESCRITORIO\UVG\4TOSEMESTRE\PROGRADEMICROS\PROGRAMAS_ENSAMBLADOR\PROYECTO1.2.X\MAIN.ASM 1424 : Label truncated at 32 characters. (VERIFICAR_OVERFLOW_MINUTOS_EDITAR)
Warning[207] C:\USERS\ANGELORELLANA\ONEDRIVE\ESCRITORIO\UVG\4TOSEMESTRE\PROGRADEMICROS\PROGRAMAS_ENSAMBLADOR\PROYECTO1.2.X\MAIN.ASM 1430 : Found label after column 1. (SALIR_TEMPORIZADOR)
